2026-07-02 22:37:15,519 [INFO] MqttToRedisAgent: Started Redis queue writer thread
2026-07-02 22:37:15,519 [INFO] MqttToRedisAgent: Connecting to MQTT Broker at 192.168.1.30:1883...
2026-07-02 22:37:15,520 [INFO] gmqtt.mqtt.protocol: [CONNECTION MADE]
2026-07-02 22:37:15,522 [INFO] MqttToRedisAgent: Connected to MQTT Broker
2026-07-02 22:37:15,523 [INFO] gmqtt.mqtt.package: [SEND SUB] 1 [b'data/#']
2026-07-02 22:37:15,523 [INFO] MqttToRedisAgent: Subscribed to topic: data/#
2026-07-02 22:37:15,523 [INFO] gmqtt.mqtt.package: [SEND SUB] 2 [b'status/#']
2026-07-02 22:37:15,524 [INFO] MqttToRedisAgent: Subscribed to topic: status/#
2026-07-02 22:37:15,524 [INFO] gmqtt.mqtt.package: [SEND SUB] 3 [b'alarm/#']
2026-07-02 22:37:15,524 [INFO] MqttToRedisAgent: Subscribed to topic: alarm/#
2026-07-02 22:37:15,524 [INFO] gmqtt.mqtt.package: [SEND SUB] 4 [b'mqtt/#']
2026-07-02 22:37:15,524 [INFO] MqttToRedisAgent: Subscribed to topic: mqtt/#
2026-07-02 22:37:15,524 [INFO] gmqtt.client: [SUBACK] 1 (0,)
2026-07-02 22:37:15,525 [INFO] gmqtt.client: [SUBACK] 2 (0,)
2026-07-02 22:37:15,566 [INFO] gmqtt.client: [SUBACK] 3 (0,)
2026-07-02 22:37:15,567 [INFO] gmqtt.client: [SUBACK] 4 (0,)
2026-07-02 22:40:08,437 [INFO] gmqtt.mqtt.protocol: [CONN CLOSE NORMALLY]
2026-07-02 22:40:08,438 [INFO] MqttToRedisAgent: Disconnected from MQTT Broker
2026-07-02 22:40:08,438 [WARNING] gmqtt.mqtt.protocol: [TRYING WRITE TO CLOSED SOCKET]
2026-07-02 22:40:20,928 [WARNING] gmqtt.client: [CAN'T RECONNECT] 1
2026-07-02 22:40:20,929 [WARNING] gmqtt.mqtt.protocol: [TRYING WRITE TO CLOSED SOCKET]
2026-07-02 22:40:30,936 [INFO] gmqtt.mqtt.protocol: [CONNECTION MADE]
2026-07-02 22:40:30,939 [INFO] MqttToRedisAgent: Connected to MQTT Broker
2026-07-02 22:40:30,939 [INFO] gmqtt.mqtt.package: [SEND SUB] 5 [b'data/#']
2026-07-02 22:40:30,939 [INFO] MqttToRedisAgent: Subscribed to topic: data/#
2026-07-02 22:40:30,939 [INFO] gmqtt.mqtt.package: [SEND SUB] 6 [b'status/#']
2026-07-02 22:40:30,939 [INFO] MqttToRedisAgent: Subscribed to topic: status/#
2026-07-02 22:40:30,940 [INFO] gmqtt.mqtt.package: [SEND SUB] 7 [b'alarm/#']
2026-07-02 22:40:30,940 [INFO] MqttToRedisAgent: Subscribed to topic: alarm/#
2026-07-02 22:40:30,940 [INFO] gmqtt.mqtt.package: [SEND SUB] 8 [b'mqtt/#']
2026-07-02 22:40:30,941 [INFO] MqttToRedisAgent: Subscribed to topic: mqtt/#
2026-07-02 22:40:30,941 [INFO] gmqtt.client: [SUBACK] 5 (0,)
2026-07-02 22:40:30,941 [INFO] gmqtt.client: [SUBACK] 6 (0,)
2026-07-02 22:40:30,982 [INFO] gmqtt.client: [SUBACK] 7 (0,)
2026-07-02 22:40:30,983 [INFO] gmqtt.client: [SUBACK] 8 (0,)
2026-07-02 22:41:56,121 [INFO] MqttToRedisAgent: Shutdown signal received
2026-07-02 22:41:56,121 [INFO] gmqtt.mqtt.protocol: [CONN CLOSE NORMALLY]
2026-07-02 22:41:56,122 [INFO] MqttToRedisAgent: Disconnected from MQTT Broker
2026-07-02 22:41:56,122 [INFO] MqttToRedisAgent: Disconnected from MQTT Broker cleanly
2026-07-02 22:41:59,786 [INFO] MqttToRedisAgent: Started Redis queue writer thread
2026-07-02 22:41:59,786 [INFO] MqttToRedisAgent: Connecting to MQTT Broker at 192.168.1.30:1883...
2026-07-02 22:41:59,786 [INFO] gmqtt.mqtt.protocol: [CONNECTION MADE]
2026-07-02 22:41:59,789 [INFO] MqttToRedisAgent: Connected to MQTT Broker
2026-07-02 22:41:59,789 [INFO] gmqtt.mqtt.package: [SEND SUB] 1 [b'data/#']
2026-07-02 22:41:59,789 [INFO] MqttToRedisAgent: Subscribed to topic: data/#
2026-07-02 22:41:59,789 [INFO] gmqtt.mqtt.package: [SEND SUB] 2 [b'status/#']
2026-07-02 22:41:59,789 [INFO] MqttToRedisAgent: Subscribed to topic: status/#
2026-07-02 22:41:59,790 [INFO] gmqtt.mqtt.package: [SEND SUB] 3 [b'alarm/#']
2026-07-02 22:41:59,790 [INFO] MqttToRedisAgent: Subscribed to topic: alarm/#
2026-07-02 22:41:59,790 [INFO] gmqtt.mqtt.package: [SEND SUB] 4 [b'mqtt/#']
2026-07-02 22:41:59,790 [INFO] MqttToRedisAgent: Subscribed to topic: mqtt/#
2026-07-02 22:41:59,790 [INFO] gmqtt.client: [SUBACK] 1 (0,)
2026-07-02 22:41:59,791 [INFO] gmqtt.client: [SUBACK] 2 (0,)
2026-07-02 22:41:59,839 [INFO] gmqtt.client: [SUBACK] 3 (0,)
2026-07-02 22:41:59,839 [INFO] gmqtt.client: [SUBACK] 4 (0,)
2026-07-02 22:44:44,264 [INFO] MqttToRedisAgent: Shutdown signal received
2026-07-02 22:44:44,266 [INFO] gmqtt.mqtt.protocol: [CONN CLOSE NORMALLY]
2026-07-02 22:44:44,266 [INFO] MqttToRedisAgent: Disconnected from MQTT Broker
2026-07-02 22:44:44,266 [INFO] MqttToRedisAgent: Disconnected from MQTT Broker cleanly
2026-07-02 22:44:54,556 [INFO] MqttToRedis: Started Redis queue writer thread
2026-07-02 22:44:54,556 [INFO] MqttToRedis: Connecting to MQTT Broker at 192.168.1.30:1883...
2026-07-02 22:44:54,557 [INFO] gmqtt.mqtt.protocol: [CONNECTION MADE]
2026-07-02 22:44:54,559 [INFO] MqttToRedis: Connected to MQTT Broker
2026-07-02 22:44:54,559 [INFO] gmqtt.mqtt.package: [SEND SUB] 1 [b'data/#']
2026-07-02 22:44:54,560 [INFO] MqttToRedis: Subscribed to topic: data/#
2026-07-02 22:44:54,560 [INFO] gmqtt.mqtt.package: [SEND SUB] 2 [b'status/#']
2026-07-02 22:44:54,560 [INFO] MqttToRedis: Subscribed to topic: status/#
2026-07-02 22:44:54,560 [INFO] gmqtt.mqtt.package: [SEND SUB] 3 [b'alarm/#']
2026-07-02 22:44:54,560 [INFO] MqttToRedis: Subscribed to topic: alarm/#
2026-07-02 22:44:54,560 [INFO] gmqtt.mqtt.package: [SEND SUB] 4 [b'mqtt/#']
2026-07-02 22:44:54,560 [INFO] MqttToRedis: Subscribed to topic: mqtt/#
2026-07-02 22:44:54,561 [INFO] gmqtt.client: [SUBACK] 1 (0,)
2026-07-02 22:44:54,562 [INFO] gmqtt.client: [SUBACK] 2 (0,)
2026-07-02 22:44:54,603 [INFO] gmqtt.client: [SUBACK] 3 (0,)
2026-07-02 22:44:54,603 [INFO] gmqtt.client: [SUBACK] 4 (0,)
2026-07-02 22:45:33,798 [INFO] MqttToRedis: Shutdown signal received
2026-07-02 22:45:33,799 [INFO] gmqtt.mqtt.protocol: [CONN CLOSE NORMALLY]
2026-07-02 22:45:33,799 [INFO] MqttToRedis: Disconnected from MQTT Broker
2026-07-02 22:45:33,799 [INFO] MqttToRedis: Disconnected from MQTT Broker cleanly
2026-07-02 15:51:05,794 [INFO] MqttToRedis: Started Redis queue writer thread
2026-07-02 15:51:05,794 [INFO] MqttToRedis: Connecting to MQTT Broker at 192.168.1.30:1883...
2026-07-02 15:51:05,798 [INFO] gmqtt.mqtt.protocol: [CONNECTION MADE]
2026-07-02 15:51:05,801 [INFO] MqttToRedis: Connected to MQTT Broker
2026-07-02 15:51:05,802 [INFO] gmqtt.mqtt.package: [SEND SUB] 1 [b'data/#']
2026-07-02 15:51:05,803 [INFO] MqttToRedis: Subscribed to topic: data/#
2026-07-02 15:51:05,803 [INFO] gmqtt.mqtt.package: [SEND SUB] 2 [b'status/#']
2026-07-02 15:51:05,804 [INFO] MqttToRedis: Subscribed to topic: status/#
2026-07-02 15:51:05,804 [INFO] gmqtt.mqtt.package: [SEND SUB] 3 [b'alarm/#']
2026-07-02 15:51:05,805 [INFO] MqttToRedis: Subscribed to topic: alarm/#
2026-07-02 15:51:05,805 [INFO] gmqtt.mqtt.package: [SEND SUB] 4 [b'mqtt/#']
2026-07-02 15:51:05,806 [INFO] MqttToRedis: Subscribed to topic: mqtt/#
2026-07-02 15:51:05,807 [INFO] gmqtt.client: [SUBACK] 1 (0,)
2026-07-02 15:51:05,808 [INFO] gmqtt.client: [SUBACK] 2 (0,)
2026-07-02 15:51:05,808 [INFO] gmqtt.client: [SUBACK] 3 (0,)
2026-07-02 15:51:05,809 [INFO] gmqtt.client: [SUBACK] 4 (0,)
2026-07-02 23:02:04,780 [INFO] MqttToRedis: Started Redis queue writer thread
2026-07-02 23:02:04,780 [INFO] MqttToRedis: Connecting to MQTT Broker at 192.168.1.30:1883...
2026-07-02 23:02:04,782 [INFO] gmqtt.mqtt.protocol: [CONNECTION MADE]
2026-07-02 23:02:04,785 [INFO] MqttToRedis: Connected to MQTT Broker
2026-07-02 23:02:04,785 [INFO] gmqtt.mqtt.package: [SEND SUB] 1 [b'data/#']
2026-07-02 23:02:04,785 [INFO] MqttToRedis: Subscribed to topic: data/#
2026-07-02 23:02:04,785 [INFO] gmqtt.mqtt.package: [SEND SUB] 2 [b'status/#']
2026-07-02 23:02:04,785 [INFO] MqttToRedis: Subscribed to topic: status/#
2026-07-02 23:02:04,785 [INFO] gmqtt.mqtt.package: [SEND SUB] 3 [b'alarm/#']
2026-07-02 23:02:04,786 [INFO] MqttToRedis: Subscribed to topic: alarm/#
2026-07-02 23:02:04,786 [INFO] gmqtt.mqtt.package: [SEND SUB] 4 [b'mqtt/#']
2026-07-02 23:02:04,786 [INFO] MqttToRedis: Subscribed to topic: mqtt/#
2026-07-02 23:02:04,786 [INFO] gmqtt.client: [SUBACK] 1 (0,)
2026-07-02 23:02:04,787 [INFO] gmqtt.client: [SUBACK] 2 (0,)
2026-07-02 23:02:04,829 [INFO] gmqtt.client: [SUBACK] 3 (0,)
2026-07-02 23:02:04,829 [INFO] gmqtt.client: [SUBACK] 4 (0,)
2026-07-02 23:03:19,025 [INFO] MqttToRedis: Shutdown signal received
2026-07-02 23:03:19,026 [INFO] gmqtt.mqtt.protocol: [CONN CLOSE NORMALLY]
2026-07-02 23:03:19,026 [INFO] MqttToRedis: Disconnected from MQTT Broker
2026-07-02 23:03:19,027 [INFO] MqttToRedis: Disconnected from MQTT Broker cleanly
2026-07-02 23:11:42,680 [INFO] MqttToRedis: Started Redis queue writer thread
2026-07-02 23:11:42,680 [INFO] MqttToRedis: Connecting to MQTT Broker at 192.168.1.30:1883...
2026-07-02 23:11:42,681 [INFO] gmqtt.mqtt.protocol: [CONNECTION MADE]
2026-07-02 23:11:42,683 [INFO] MqttToRedis: Connected to MQTT Broker
2026-07-02 23:11:42,683 [INFO] gmqtt.mqtt.package: [SEND SUB] 1 [b'data/#']
2026-07-02 23:11:42,684 [INFO] MqttToRedis: Subscribed to topic: data/#
2026-07-02 23:11:42,684 [INFO] gmqtt.mqtt.package: [SEND SUB] 2 [b'status/#']
2026-07-02 23:11:42,684 [INFO] MqttToRedis: Subscribed to topic: status/#
2026-07-02 23:11:42,684 [INFO] gmqtt.mqtt.package: [SEND SUB] 3 [b'alarm/#']
2026-07-02 23:11:42,684 [INFO] MqttToRedis: Subscribed to topic: alarm/#
2026-07-02 23:11:42,684 [INFO] gmqtt.mqtt.package: [SEND SUB] 4 [b'mqtt/#']
2026-07-02 23:11:42,684 [INFO] MqttToRedis: Subscribed to topic: mqtt/#
2026-07-02 23:11:42,685 [INFO] gmqtt.client: [SUBACK] 1 (0,)
2026-07-02 23:11:42,686 [INFO] gmqtt.client: [SUBACK] 2 (0,)
2026-07-02 23:11:42,730 [INFO] gmqtt.client: [SUBACK] 3 (0,)
2026-07-02 23:11:42,731 [INFO] gmqtt.client: [SUBACK] 4 (0,)
2026-07-02 23:13:00,237 [INFO] MqttToRedis: Shutdown signal received
2026-07-02 23:13:00,237 [INFO] gmqtt.mqtt.protocol: [CONN CLOSE NORMALLY]
2026-07-02 23:13:00,237 [INFO] MqttToRedis: Disconnected from MQTT Broker
2026-07-02 23:13:00,238 [INFO] MqttToRedis: Disconnected from MQTT Broker cleanly
2026-07-02 23:15:17,607 [INFO] MqttToRedis: Started Redis queue writer thread
2026-07-02 23:15:17,607 [INFO] MqttToRedis: Connecting to MQTT Broker at 192.168.1.30:1883...
2026-07-02 23:15:17,609 [INFO] gmqtt.mqtt.protocol: [CONNECTION MADE]
2026-07-02 23:15:17,611 [INFO] MqttToRedis: Connected to MQTT Broker
2026-07-02 23:15:17,612 [INFO] gmqtt.mqtt.package: [SEND SUB] 1 [b'data/#']
2026-07-02 23:15:17,612 [INFO] MqttToRedis: Subscribed to topic: data/#
2026-07-02 23:15:17,612 [INFO] gmqtt.mqtt.package: [SEND SUB] 2 [b'status/#']
2026-07-02 23:15:17,612 [INFO] MqttToRedis: Subscribed to topic: status/#
2026-07-02 23:15:17,612 [INFO] gmqtt.mqtt.package: [SEND SUB] 3 [b'alarm/#']
2026-07-02 23:15:17,612 [INFO] MqttToRedis: Subscribed to topic: alarm/#
2026-07-02 23:15:17,612 [INFO] gmqtt.mqtt.package: [SEND SUB] 4 [b'mqtt/#']
2026-07-02 23:15:17,613 [INFO] MqttToRedis: Subscribed to topic: mqtt/#
2026-07-02 23:15:17,613 [INFO] gmqtt.client: [SUBACK] 1 (0,)
2026-07-02 23:15:17,614 [INFO] gmqtt.client: [SUBACK] 2 (0,)
2026-07-02 23:15:17,658 [INFO] gmqtt.client: [SUBACK] 3 (0,)
2026-07-02 23:15:17,659 [INFO] gmqtt.client: [SUBACK] 4 (0,)
2026-07-02 23:25:42,687 [INFO] MqttToRedis: Shutdown signal received
2026-07-02 23:25:42,688 [INFO] gmqtt.mqtt.protocol: [CONN CLOSE NORMALLY]
2026-07-02 23:25:42,688 [INFO] MqttToRedis: Disconnected from MQTT Broker
2026-07-02 23:25:42,688 [INFO] MqttToRedis: Disconnected from MQTT Broker cleanly
