2026-07-03 09:08:39,549 [INFO] RedisToKafka: Loaded environment variables from: D:\test_mms\03-RedisKafka\.env
2026-07-03 09:08:39,549 [INFO] RedisToKafka: Initialized RedisToKafka. Target Kafka Topic override: None (using category as topic)
2026-07-03 09:08:39,549 [INFO] RedisToKafka: Connecting to Redis at 192.168.0.191:6379...
2026-07-03 09:08:39,553 [INFO] RedisToKafka: Connecting to Kafka at 192.168.0.191:29092...
2026-07-03 09:08:39,556 [INFO] RedisToKafka: Starting pipeline polling Redis queue: mqtt_queue
2026-07-03 09:09:38,255 [ERROR] RedisToKafka: Error in pipeline loop: Timeout reading from socket
2026-07-03 09:10:38,629 [ERROR] RedisToKafka: Error in pipeline loop: Timeout reading from socket
2026-07-03 09:13:51,786 [ERROR] RedisToKafka: Error in pipeline loop: Timeout reading from socket
2026-07-03 09:14:52,943 [ERROR] RedisToKafka: Error in pipeline loop: Timeout reading from socket
2026-07-03 09:15:53,096 [ERROR] RedisToKafka: Error in pipeline loop: Timeout reading from socket
2026-07-03 09:16:54,061 [ERROR] RedisToKafka: Error in pipeline loop: Timeout reading from socket
2026-07-03 09:17:53,761 [ERROR] RedisToKafka: Error in pipeline loop: Timeout reading from socket
2026-07-03 09:19:18,931 [ERROR] RedisToKafka: Error in pipeline loop: Timeout reading from socket
2026-07-03 09:20:19,776 [ERROR] RedisToKafka: Error in pipeline loop: Timeout reading from socket
2026-07-03 09:21:20,440 [ERROR] RedisToKafka: Error in pipeline loop: Timeout reading from socket
2026-07-03 09:22:51,287 [ERROR] RedisToKafka: Error in pipeline loop: Timeout reading from socket
2026-07-03 09:26:15,190 [ERROR] RedisToKafka: Error in pipeline loop: Timeout reading from socket
2026-07-03 09:27:15,609 [ERROR] RedisToKafka: Error in pipeline loop: Timeout reading from socket
2026-07-03 09:29:09,810 [ERROR] RedisToKafka: Error in pipeline loop: Timeout reading from socket
2026-07-03 09:30:10,195 [ERROR] RedisToKafka: Error in pipeline loop: Timeout reading from socket
2026-07-03 09:31:11,072 [ERROR] RedisToKafka: Error in pipeline loop: Timeout reading from socket
2026-07-03 09:32:09,784 [ERROR] RedisToKafka: Error in pipeline loop: Timeout reading from socket
2026-07-03 09:33:08,781 [ERROR] RedisToKafka: Error in pipeline loop: Timeout reading from socket
2026-07-03 09:34:09,647 [ERROR] RedisToKafka: Error in pipeline loop: Timeout reading from socket
2026-07-03 09:35:08,906 [ERROR] RedisToKafka: Error in pipeline loop: Timeout reading from socket
2026-07-03 09:36:24,452 [ERROR] RedisToKafka: Error in pipeline loop: Timeout reading from socket
2026-07-03 09:37:24,349 [ERROR] RedisToKafka: Error in pipeline loop: Timeout reading from socket
2026-07-03 09:38:24,723 [ERROR] RedisToKafka: Error in pipeline loop: Timeout reading from socket
2026-07-03 09:40:11,900 [ERROR] RedisToKafka: Error in pipeline loop: Timeout reading from socket
2026-07-03 09:42:13,330 [ERROR] RedisToKafka: Error in pipeline loop: Timeout reading from socket
2026-07-03 09:44:48,834 [ERROR] RedisToKafka: Error in pipeline loop: Timeout reading from socket
2026-07-03 09:45:48,798 [ERROR] RedisToKafka: Error in pipeline loop: Timeout reading from socket
2026-07-03 09:47:02,899 [ERROR] RedisToKafka: Error in pipeline loop: Timeout reading from socket
2026-07-03 09:48:03,399 [ERROR] RedisToKafka: Error in pipeline loop: Timeout reading from socket
2026-07-03 09:49:29,046 [ERROR] RedisToKafka: Error in pipeline loop: Timeout reading from socket
2026-07-03 09:50:29,539 [ERROR] RedisToKafka: Error in pipeline loop: Timeout reading from socket
2026-07-03 09:51:29,650 [ERROR] RedisToKafka: Error in pipeline loop: Timeout reading from socket
2026-07-03 09:52:28,881 [ERROR] RedisToKafka: Error in pipeline loop: Timeout reading from socket
2026-07-03 09:54:56,649 [ERROR] RedisToKafka: Error in pipeline loop: Timeout reading from socket
2026-07-03 09:56:50,104 [ERROR] RedisToKafka: Error in pipeline loop: Timeout reading from socket
2026-07-03 09:56:56,126 [INFO] RedisToKafka: Agent shutting down cleanly...
2026-07-03 10:27:48,433 [INFO] RedisToKafka: Loaded environment variables from: D:\test_mms\03-RedisKafka\.env
2026-07-03 10:27:48,442 [INFO] RedisToKafka: Initialized RedisToKafka. Target Kafka Topic override: None (using category as topic)
2026-07-03 10:27:48,442 [INFO] RedisToKafka: Connecting to Redis at 192.168.0.191:6379...
2026-07-03 10:27:48,466 [INFO] RedisToKafka: Connecting to Kafka at 192.168.0.191:29092...
2026-07-03 10:27:48,482 [INFO] RedisToKafka: Starting pipeline polling Redis queue: mqtt_queue
2026-07-03 10:29:32,032 [ERROR] RedisToKafka: Error in pipeline loop: Timeout reading from socket
2026-07-03 10:30:57,431 [ERROR] RedisToKafka: Error in pipeline loop: Timeout reading from socket
2026-07-03 10:32:26,756 [ERROR] RedisToKafka: Error in pipeline loop: Timeout reading from socket
2026-07-03 10:33:26,887 [ERROR] RedisToKafka: Error in pipeline loop: Timeout reading from socket
2026-07-03 10:34:26,956 [ERROR] RedisToKafka: Error in pipeline loop: Timeout reading from socket
2026-07-03 10:36:14,164 [ERROR] RedisToKafka: Error in pipeline loop: Timeout reading from socket
2026-07-03 10:39:15,998 [ERROR] RedisToKafka: Error in pipeline loop: Timeout reading from socket
2026-07-03 10:40:36,011 [ERROR] RedisToKafka: Error in pipeline loop: Timeout reading from socket
2026-07-03 10:41:41,321 [ERROR] RedisToKafka: Error in pipeline loop: Timeout reading from socket
2026-07-03 10:42:41,994 [ERROR] RedisToKafka: Error in pipeline loop: Timeout reading from socket
2026-07-03 10:43:42,649 [ERROR] RedisToKafka: Error in pipeline loop: Timeout reading from socket
2026-07-03 10:45:13,626 [ERROR] RedisToKafka: Error in pipeline loop: Timeout reading from socket
2026-07-03 10:46:13,923 [ERROR] RedisToKafka: Error in pipeline loop: Timeout reading from socket
2026-07-03 10:47:14,884 [ERROR] RedisToKafka: Error in pipeline loop: Timeout reading from socket
2026-07-03 10:48:14,915 [ERROR] RedisToKafka: Error in pipeline loop: Timeout reading from socket
2026-07-03 10:49:14,346 [ERROR] RedisToKafka: Error in pipeline loop: Timeout reading from socket
2026-07-03 10:50:14,425 [ERROR] RedisToKafka: Error in pipeline loop: Timeout reading from socket
2026-07-03 10:51:20,254 [ERROR] RedisToKafka: Error in pipeline loop: Timeout reading from socket
2026-07-03 10:52:25,402 [ERROR] RedisToKafka: Error in pipeline loop: Timeout reading from socket
2026-07-03 10:56:13,166 [ERROR] RedisToKafka: Error in pipeline loop: Timeout reading from socket
2026-07-03 10:58:16,446 [ERROR] RedisToKafka: Error in pipeline loop: Timeout reading from socket
2026-07-03 10:59:17,336 [ERROR] RedisToKafka: Error in pipeline loop: Timeout reading from socket
2026-07-03 11:00:18,595 [ERROR] RedisToKafka: Error in pipeline loop: Timeout reading from socket
2026-07-03 11:01:19,717 [ERROR] RedisToKafka: Error in pipeline loop: Timeout reading from socket
2026-07-03 11:02:44,306 [INFO] RedisToKafka: Agent shutting down cleanly...
2026-07-03 11:09:41,102 [INFO] RedisToKafka: Loaded environment variables from: D:\test_mms\03-RedisKafka\.env
2026-07-03 11:09:41,102 [INFO] RedisToKafka: Initialized RedisToKafka. Target Kafka Topic override: None (using category as topic)
2026-07-03 11:09:41,102 [INFO] RedisToKafka: Connecting to Redis at 192.168.0.191:6379...
2026-07-03 11:09:41,102 [INFO] RedisToKafka: Connecting to Kafka at 192.168.0.191:29092...
2026-07-03 11:09:41,113 [INFO] RedisToKafka: Starting pipeline polling Redis queue: mqtt_queue
2026-07-03 11:10:28,498 [INFO] RedisToKafka: Agent shutting down cleanly...
2026-07-03 11:24:23,368 [INFO] RedisToKafka: Loaded environment variables from: D:\test_mms\03-RedisKafka\.env
2026-07-03 11:24:23,368 [INFO] RedisToKafka: Initialized RedisToKafka. Target Kafka Topic override: None (using category as topic)
2026-07-03 11:24:23,369 [INFO] RedisToKafka: Connecting to Redis at 192.168.0.191:6379...
2026-07-03 11:24:23,373 [INFO] RedisToKafka: Connecting to Kafka at 192.168.0.191:29092...
2026-07-03 11:24:23,376 [INFO] RedisToKafka: Starting pipeline polling Redis queue: mqtt_queue
2026-07-03 11:24:51,664 [INFO] RedisToKafka: Agent shutting down cleanly...
2026-07-03 11:26:52,438 [INFO] RedisToKafka: Loaded environment variables from: D:\test_mms\03-RedisKafka\.env
2026-07-03 11:26:52,438 [INFO] RedisToKafka: Initialized RedisToKafka. Target Kafka Topic override: None (using category as topic)
2026-07-03 11:26:52,438 [INFO] RedisToKafka: Connecting to Redis at 192.168.0.191:6379...
2026-07-03 11:26:52,442 [INFO] RedisToKafka: Connecting to Kafka at 192.168.0.191:29092...
2026-07-03 11:26:52,445 [INFO] RedisToKafka: Starting pipeline polling Redis queue: mqtt_queue
2026-07-03 11:27:43,697 [INFO] RedisToKafka: Agent shutting down cleanly...
2026-07-03 11:36:07,007 [INFO] RedisToKafka: Loaded environment variables from: D:\test_mms\03-RedisKafka\.env
2026-07-03 11:36:07,007 [INFO] RedisToKafka: Initialized RedisToKafka. Target Kafka Topic override: None (using category as topic)
2026-07-03 11:36:07,007 [INFO] RedisToKafka: Connecting to Redis at 192.168.0.191:6379...
2026-07-03 11:36:07,011 [INFO] RedisToKafka: Connecting to Kafka at 192.168.0.191:29092...
2026-07-03 11:36:07,014 [INFO] RedisToKafka: Starting pipeline polling Redis queue: mqtt_queue
2026-07-03 11:59:36,370 [INFO] RedisToKafka: Agent shutting down cleanly...
2026-07-03 12:17:29,829 [INFO] RedisToKafka: Loaded environment variables from: D:\test_mms\03-RedisKafka\.env
2026-07-03 12:17:29,829 [INFO] RedisToKafka: Initialized RedisToKafka. Target Kafka Topic override: None (using category as topic)
2026-07-03 12:17:29,829 [INFO] RedisToKafka: Connecting to Redis at 192.168.0.191:6379...
2026-07-03 12:17:29,834 [INFO] RedisToKafka: Connecting to Kafka at 192.168.0.191:29092...
2026-07-03 12:17:29,837 [INFO] RedisToKafka: Starting pipeline polling Redis queue: mqtt_queue
2026-07-03 12:22:42,865 [INFO] RedisToKafka: Agent shutting down cleanly...
2026-07-03 13:48:32,236 [INFO] RedisToKafka: Loaded environment variables from: D:\test_mms\03-RedisKafka\.env
2026-07-03 13:48:32,236 [INFO] RedisToKafka: Initialized RedisToKafka. Target Kafka Topic override: None (using category as topic)
2026-07-03 13:48:32,236 [INFO] RedisToKafka: Connecting to Redis at 192.168.0.191:6379...
2026-07-03 13:48:32,249 [INFO] RedisToKafka: Connecting to Kafka at 192.168.0.191:29092...
2026-07-03 13:48:32,270 [INFO] RedisToKafka: Starting pipeline polling Redis queue: mqtt_queue
2026-07-03 16:38:31,437 [INFO] RedisToKafka: Agent shutting down cleanly...
2026-07-03 16:39:56,954 [INFO] RedisToKafka: Loaded environment variables from: D:\test_mms\03-RedisKafka\.env
2026-07-03 16:39:56,954 [INFO] RedisToKafka: Initialized RedisToKafka. Target Kafka Topic override: None (using category as topic)
2026-07-03 16:39:56,954 [INFO] RedisToKafka: Connecting to Redis at 192.168.0.191:6379...
2026-07-03 16:39:56,959 [INFO] RedisToKafka: Connecting to Kafka at 192.168.0.191:29092...
2026-07-03 16:39:56,963 [INFO] RedisToKafka: Starting pipeline polling Redis queue: mqtt_queue
2026-07-04 15:34:26,033 [INFO] RedisToKafka: Loaded environment variables from: D:\test_mms\03-RedisKafka\.env
2026-07-04 15:34:26,033 [INFO] RedisToKafka: Initialized RedisToKafka. Target Kafka Topic override: None (using category as topic)
2026-07-04 15:34:26,033 [INFO] RedisToKafka: Connecting to Redis at 192.168.0.191:6379...
2026-07-04 15:34:26,033 [INFO] RedisToKafka: Connecting to Kafka at 192.168.0.191:29092...
2026-07-04 15:34:26,067 [INFO] RedisToKafka: Starting pipeline polling Redis queue: mqtt_queue
2026-07-04 16:38:32,726 [INFO] RedisToKafka: Agent shutting down cleanly...
