2026-07-05 00:52:46,152 [INFO] SSEApi: Starting MMS SSE API Server at http://0.0.0.0:8001
2026-07-05 00:53:31,570 [INFO] SSEBackend.SSERouter: Real-time stream started for category=mqtt, process=demo1
2026-07-05 00:53:44,882 [INFO] SSEBackend.SSERouter: Client disconnected from stream for category=mqtt, process=demo1
2026-07-05 00:54:00,616 [INFO] SSEBackend.SSERouter: Real-time stream started for category=mqtt, process=demo1
2026-07-06 11:33:51,250 [INFO] SSEApi: Starting MMS SSE API Server at http://0.0.0.0:8001
2026-07-06 11:34:55,768 [INFO] SSEBackend.SSERouter: Real-time stream started for category=data, process=demo1
2026-07-06 11:35:21,569 [INFO] SSEBackend.SSERouter: Real-time stream started for category=mqtt, process=demo1
2026-07-06 11:35:45,669 [INFO] SSEBackend.SSERouter: Client disconnected from stream for category=mqtt, process=demo1
2026-07-06 11:35:46,639 [INFO] SSEBackend.SSERouter: Real-time stream started for category=status, process=demo1
2026-07-06 11:36:53,327 [INFO] SSEBackend.SSERouter: Client disconnected from stream for category=status, process=demo1
2026-07-06 11:37:17,423 [INFO] SSEBackend.SSERouter: Client disconnected from stream for category=data, process=demo1
2026-07-06 12:02:18,951 [INFO] SSEApi: Starting MMS SSE API Server at http://0.0.0.0:8001
2026-07-06 12:02:23,705 [INFO] SSEBackend.SSERouter: Real-time stream started for category=status, process=demo1
2026-07-06 12:02:34,532 [INFO] SSEBackend.SSERouter: Client disconnected from stream for category=status, process=demo1
2026-07-06 12:02:47,860 [INFO] SSEApi: Starting MMS SSE API Server at http://0.0.0.0:8003
2026-07-07 11:55:51,314 [INFO] SSEApi: Starting MMS SSE API Server at http://0.0.0.0:8002
2026-07-07 11:57:19,514 [INFO] SSEBackend.SSERouter: Real-time stream started for category=status, process=demo1
2026-07-07 11:57:41,980 [INFO] SSEBackend.SSERouter: Client disconnected from stream for category=status, process=demo1
2026-07-07 11:59:22,885 [INFO] SSEApi: Starting MMS SSE API Server at http://0.0.0.0:8002
2026-07-07 12:06:58,230 [INFO] SSEApi: Starting MMS SSE API Server at http://0.0.0.0:8002
2026-07-07 12:11:39,063 [INFO] SSEApi: Starting MMS SSE API Server at http://0.0.0.0:8002
2026-07-07 12:12:16,949 [INFO] SSEApi: Starting MMS SSE API Server at http://0.0.0.0:8002
2026-07-07 12:12:19,992 [INFO] SSEBackend.SSERouter: Real-time stream started for category=status, process=demo1
2026-07-07 12:12:46,480 [INFO] SSEBackend.SSERouter: Client disconnected from stream for category=status, process=demo1
2026-07-07 12:12:47,224 [INFO] SSEBackend.SSERouter: Real-time stream started for category=data, process=demo1
2026-07-07 12:12:58,195 [INFO] SSEBackend.SSERouter: Client disconnected from stream for category=data, process=demo1
2026-07-07 12:16:31,304 [INFO] SSEApi: Starting MMS SSE API Server at http://0.0.0.0:8002
2026-07-07 12:16:35,239 [INFO] SSEBackend.SSERouter: Real-time stream started for category=data, process=demo1
2026-07-07 12:16:38,318 [INFO] SSEBackend.SSERouter: Client disconnected from stream for category=data, process=demo1
2026-07-07 12:17:13,638 [INFO] SSEBackend.SSERouter: Real-time stream started for category=data, process=demo1
2026-07-07 12:17:13,641 [INFO] SSEBackend.SSERouter: Real-time stream started for category=data, process=demo1
2026-07-07 12:17:13,712 [INFO] SSEBackend.SSERouter: Real-time stream started for category=data, process=demo1
2026-07-07 12:17:13,713 [INFO] SSEBackend.SSERouter: Real-time stream started for category=data, process=demo1
2026-07-07 12:17:13,723 [INFO] SSEBackend.SSERouter: Real-time stream started for category=data, process=demo1
2026-07-07 12:17:13,736 [INFO] SSEBackend.SSERouter: Real-time stream started for category=data, process=demo1
2026-07-07 12:17:13,847 [INFO] SSEBackend.SSERouter: Real-time stream started for category=data, process=demo1
2026-07-07 12:17:13,879 [INFO] SSEBackend.SSERouter: Real-time stream started for category=data, process=demo1
2026-07-07 12:17:13,888 [INFO] SSEBackend.SSERouter: Real-time stream started for category=data, process=demo1
2026-07-07 12:17:13,892 [INFO] SSEBackend.SSERouter: Real-time stream started for category=data, process=demo1
2026-07-07 12:17:14,029 [INFO] SSEBackend.SSERouter: Real-time stream started for category=data, process=demo1
2026-07-07 12:17:14,048 [INFO] SSEBackend.SSERouter: Real-time stream started for category=data, process=demo1
2026-07-07 12:17:14,053 [INFO] SSEBackend.SSERouter: Real-time stream started for category=data, process=demo1
2026-07-07 12:17:14,058 [INFO] SSEBackend.SSERouter: Real-time stream started for category=data, process=demo1
2026-07-07 12:17:14,061 [INFO] SSEBackend.SSERouter: Real-time stream started for category=data, process=demo1
2026-07-07 12:17:14,065 [INFO] SSEBackend.SSERouter: Real-time stream started for category=data, process=demo1
2026-07-07 12:17:14,069 [INFO] SSEBackend.SSERouter: Real-time stream started for category=data, process=demo1
2026-07-07 12:17:14,078 [INFO] SSEBackend.SSERouter: Real-time stream started for category=data, process=demo1
2026-07-07 12:17:14,195 [INFO] SSEBackend.SSERouter: Real-time stream started for category=data, process=demo1
2026-07-07 12:17:14,201 [INFO] SSEBackend.SSERouter: Real-time stream started for category=data, process=demo1
2026-07-07 12:17:44,255 [INFO] SSEBackend.SSERouter: Client disconnected from stream for category=data, process=demo1
2026-07-07 12:17:44,269 [INFO] SSEBackend.SSERouter: Client disconnected from stream for category=data, process=demo1
2026-07-07 12:17:44,270 [INFO] SSEBackend.SSERouter: Client disconnected from stream for category=data, process=demo1
2026-07-07 12:17:44,279 [INFO] SSEBackend.SSERouter: Client disconnected from stream for category=data, process=demo1
2026-07-07 12:17:44,281 [INFO] SSEBackend.SSERouter: Client disconnected from stream for category=data, process=demo1
2026-07-07 12:17:44,283 [INFO] SSEBackend.SSERouter: Client disconnected from stream for category=data, process=demo1
2026-07-07 12:17:44,287 [INFO] SSEBackend.SSERouter: Client disconnected from stream for category=data, process=demo1
2026-07-07 12:17:44,288 [INFO] SSEBackend.SSERouter: Client disconnected from stream for category=data, process=demo1
2026-07-07 12:17:44,288 [INFO] SSEBackend.SSERouter: Client disconnected from stream for category=data, process=demo1
2026-07-07 12:17:44,289 [INFO] SSEBackend.SSERouter: Client disconnected from stream for category=data, process=demo1
2026-07-07 12:17:44,290 [INFO] SSEBackend.SSERouter: Client disconnected from stream for category=data, process=demo1
2026-07-07 12:17:44,291 [INFO] SSEBackend.SSERouter: Client disconnected from stream for category=data, process=demo1
2026-07-07 12:17:44,293 [INFO] SSEBackend.SSERouter: Client disconnected from stream for category=data, process=demo1
2026-07-07 12:17:44,294 [INFO] SSEBackend.SSERouter: Client disconnected from stream for category=data, process=demo1
2026-07-07 12:17:44,295 [INFO] SSEBackend.SSERouter: Client disconnected from stream for category=data, process=demo1
2026-07-07 12:17:44,296 [INFO] SSEBackend.SSERouter: Client disconnected from stream for category=data, process=demo1
2026-07-07 12:17:44,297 [INFO] SSEBackend.SSERouter: Client disconnected from stream for category=data, process=demo1
2026-07-07 12:17:44,298 [INFO] SSEBackend.SSERouter: Client disconnected from stream for category=data, process=demo1
2026-07-07 12:17:44,299 [INFO] SSEBackend.SSERouter: Client disconnected from stream for category=data, process=demo1
2026-07-07 12:17:44,300 [INFO] SSEBackend.SSERouter: Client disconnected from stream for category=data, process=demo1
2026-07-07 12:19:20,775 [INFO] SSEBackend.SSERouter: Real-time stream started for category=status, process=demo1
2026-07-07 12:19:32,891 [INFO] SSEBackend.SSERouter: Client disconnected from stream for category=status, process=demo1
2026-07-07 12:20:40,251 [INFO] SSEBackend.SSERouter: Real-time stream started for category=data, process=demo1
2026-07-07 12:20:40,320 [INFO] SSEBackend.SSERouter: Real-time stream started for category=data, process=demo1
2026-07-07 12:20:40,322 [INFO] SSEBackend.SSERouter: Real-time stream started for category=data, process=demo1
2026-07-07 12:20:40,462 [INFO] SSEBackend.SSERouter: Real-time stream started for category=data, process=demo1
2026-07-07 12:20:40,477 [INFO] SSEBackend.SSERouter: Real-time stream started for category=data, process=demo1
2026-07-07 12:20:40,483 [INFO] SSEBackend.SSERouter: Real-time stream started for category=data, process=demo1
2026-07-07 12:20:40,497 [INFO] SSEBackend.SSERouter: Real-time stream started for category=data, process=demo1
2026-07-07 12:20:40,522 [INFO] SSEBackend.SSERouter: Real-time stream started for category=data, process=demo1
2026-07-07 12:20:40,553 [INFO] SSEBackend.SSERouter: Real-time stream started for category=data, process=demo1
2026-07-07 12:20:40,642 [INFO] SSEBackend.SSERouter: Real-time stream started for category=data, process=demo1
2026-07-07 12:20:40,646 [INFO] SSEBackend.SSERouter: Real-time stream started for category=data, process=demo1
2026-07-07 12:20:40,700 [INFO] SSEBackend.SSERouter: Real-time stream started for category=data, process=demo1
2026-07-07 12:20:40,702 [INFO] SSEBackend.SSERouter: Real-time stream started for category=data, process=demo1
2026-07-07 12:20:40,704 [INFO] SSEBackend.SSERouter: Real-time stream started for category=data, process=demo1
2026-07-07 12:20:40,706 [INFO] SSEBackend.SSERouter: Real-time stream started for category=data, process=demo1
2026-07-07 12:20:40,724 [INFO] SSEBackend.SSERouter: Real-time stream started for category=data, process=demo1
2026-07-07 12:20:40,728 [INFO] SSEBackend.SSERouter: Real-time stream started for category=data, process=demo1
2026-07-07 12:20:40,730 [INFO] SSEBackend.SSERouter: Real-time stream started for category=data, process=demo1
2026-07-07 12:20:40,847 [INFO] SSEBackend.SSERouter: Real-time stream started for category=data, process=demo1
2026-07-07 12:20:40,849 [INFO] SSEBackend.SSERouter: Real-time stream started for category=data, process=demo1
2026-07-07 12:21:20,599 [INFO] SSEBackend.SSERouter: Real-time stream started for category=mqtt, process=demo1
2026-07-07 12:21:39,178 [INFO] SSEBackend.SSERouter: Client disconnected from stream for category=data, process=demo1
2026-07-07 12:21:39,180 [INFO] SSEBackend.SSERouter: Client disconnected from stream for category=data, process=demo1
2026-07-07 12:21:39,181 [INFO] SSEBackend.SSERouter: Client disconnected from stream for category=data, process=demo1
2026-07-07 12:21:39,183 [INFO] SSEBackend.SSERouter: Client disconnected from stream for category=data, process=demo1
2026-07-07 12:21:39,185 [INFO] SSEBackend.SSERouter: Client disconnected from stream for category=data, process=demo1
2026-07-07 12:21:39,186 [INFO] SSEBackend.SSERouter: Client disconnected from stream for category=data, process=demo1
2026-07-07 12:21:39,186 [INFO] SSEBackend.SSERouter: Client disconnected from stream for category=data, process=demo1
2026-07-07 12:21:39,187 [INFO] SSEBackend.SSERouter: Client disconnected from stream for category=data, process=demo1
2026-07-07 12:21:39,188 [INFO] SSEBackend.SSERouter: Client disconnected from stream for category=data, process=demo1
2026-07-07 12:21:39,189 [INFO] SSEBackend.SSERouter: Client disconnected from stream for category=data, process=demo1
2026-07-07 12:21:39,190 [INFO] SSEBackend.SSERouter: Client disconnected from stream for category=data, process=demo1
2026-07-07 12:21:39,191 [INFO] SSEBackend.SSERouter: Client disconnected from stream for category=data, process=demo1
2026-07-07 12:21:39,192 [INFO] SSEBackend.SSERouter: Client disconnected from stream for category=data, process=demo1
2026-07-07 12:21:39,193 [INFO] SSEBackend.SSERouter: Client disconnected from stream for category=data, process=demo1
2026-07-07 12:21:39,194 [INFO] SSEBackend.SSERouter: Client disconnected from stream for category=data, process=demo1
2026-07-07 12:21:39,195 [INFO] SSEBackend.SSERouter: Client disconnected from stream for category=data, process=demo1
2026-07-07 12:21:39,202 [INFO] SSEBackend.SSERouter: Client disconnected from stream for category=data, process=demo1
2026-07-07 12:21:39,202 [INFO] SSEBackend.SSERouter: Client disconnected from stream for category=data, process=demo1
2026-07-07 12:21:39,204 [INFO] SSEBackend.SSERouter: Client disconnected from stream for category=data, process=demo1
2026-07-07 12:21:39,205 [INFO] SSEBackend.SSERouter: Client disconnected from stream for category=data, process=demo1
2026-07-07 12:22:25,069 [INFO] SSEApi: Starting MMS SSE API Server at http://0.0.0.0:8002
2026-07-07 12:22:33,523 [INFO] SSEBackend.SSERouter: Real-time stream started for category=data, process=demo1
2026-07-07 12:23:00,941 [INFO] SSEBackend.SSERouter: Client disconnected from stream for category=data, process=demo1
2026-07-07 12:23:01,783 [INFO] SSEBackend.SSERouter: Real-time stream started for category=device, process=demo1
2026-07-07 12:24:31,650 [INFO] SSEApi: Starting MMS SSE API Server at http://0.0.0.0:8002
2026-07-08 13:19:27,789 [INFO] SSEApi: Starting MMS SSE API Server at http://0.0.0.0:8002
2026-07-08 13:19:28,438 [INFO] SSEBackend.SSERouter: RealtimeCacheManager background polling task started (interval=2.0s).
2026-07-08 13:19:41,052 [INFO] SSEBackend.SSERouter: Real-time stream started for category=data, process=demo1
2026-07-08 13:19:55,696 [INFO] SSEBackend.SSERouter: Client disconnected from stream for category=data, process=demo1
2026-07-08 13:21:08,989 [INFO] SSEBackend.SSERouter: RealtimeCacheManager background polling task stopped.
2026-07-08 13:21:09,699 [INFO] SSEBackend.SSERouter: RealtimeCacheManager background polling task started (interval=2.0s).
2026-07-08 13:21:10,368 [INFO] SSEBackend.SSERouter: RealtimeCacheManager background polling task stopped.
2026-07-08 13:21:11,090 [INFO] SSEBackend.SSERouter: RealtimeCacheManager background polling task started (interval=2.0s).
2026-07-08 13:21:15,496 [INFO] SSEBackend.SSERouter: RealtimeCacheManager background polling task stopped.
2026-07-08 13:21:16,204 [INFO] SSEBackend.SSERouter: RealtimeCacheManager background polling task started (interval=2.0s).
2026-07-08 13:21:21,603 [INFO] SSEBackend.SSERouter: Real-time stream started for category=data, process=demo1
2026-07-08 13:21:28,467 [INFO] SSEBackend.SSERouter: RealtimeCacheManager background polling task stopped.
2026-07-08 13:21:29,202 [INFO] SSEBackend.SSERouter: RealtimeCacheManager background polling task started (interval=2.0s).
2026-07-08 13:21:30,863 [INFO] SSEBackend.SSERouter: RealtimeCacheManager background polling task stopped.
2026-07-08 13:21:31,550 [INFO] SSEBackend.SSERouter: RealtimeCacheManager background polling task started (interval=2.0s).
2026-07-08 13:21:35,313 [INFO] SSEBackend.SSERouter: Client disconnected from stream for category=data, process=demo1
2026-07-08 13:21:36,621 [INFO] SSEBackend.SSERouter: Real-time stream started for category=data, process=demo1
2026-07-08 13:21:49,538 [INFO] SSEBackend.SSERouter: Client disconnected from stream for category=data, process=demo1
2026-07-08 13:21:53,014 [INFO] SSEBackend.SSERouter: Real-time stream started for category=status, process=demo1
2026-07-08 13:21:58,599 [INFO] SSEBackend.SSERouter: RealtimeCacheManager background polling task stopped.
2026-07-08 13:22:15,244 [INFO] SSEBackend.SSERouter: Client disconnected from stream for category=status, process=demo1
2026-07-08 13:22:48,178 [INFO] SSEApi: Starting MMS SSE API Server at http://0.0.0.0:8002
2026-07-08 13:22:48,903 [INFO] SSEBackend.SSERouter: RealtimeCacheManager background polling task started (interval=2.0s).
2026-07-08 13:23:45,162 [INFO] SSEBackend.SSERouter: Real-time stream started for category=data, process=demo1
2026-07-08 13:24:09,770 [INFO] SSEBackend.SSERouter: Real-time stream started for category=status, process=demo1
2026-07-08 13:24:19,304 [INFO] SSEBackend.SSERouter: Real-time stream started for category=alarm, process=demo1
2026-07-08 13:24:28,320 [INFO] SSEBackend.SSERouter: Real-time stream started for category=mqtt, process=demo1
2026-07-08 13:24:44,834 [INFO] SSEBackend.SSERouter: Client disconnected from stream for category=mqtt, process=demo1
2026-07-08 13:24:49,643 [INFO] SSEBackend.SSERouter: Client disconnected from stream for category=alarm, process=demo1
2026-07-08 13:24:51,749 [INFO] SSEBackend.SSERouter: Client disconnected from stream for category=status, process=demo1
2026-07-08 13:24:53,801 [INFO] SSEBackend.SSERouter: Client disconnected from stream for category=data, process=demo1
2026-07-08 13:25:05,436 [INFO] SSEBackend.SSERouter: RealtimeCacheManager background polling task stopped.
2026-07-08 13:25:06,567 [INFO] SSEApi: Starting MMS SSE API Server at http://0.0.0.0:8002
2026-07-08 13:25:07,207 [INFO] SSEBackend.SSERouter: RealtimeCacheManager background polling task started (interval=2.0s).
2026-07-08 13:25:13,569 [INFO] SSEBackend.SSERouter: Real-time stream started for category=data, process=demo1
2026-07-08 13:25:24,909 [INFO] SSEBackend.SSERouter: Client disconnected from stream for category=data, process=demo1
2026-07-08 13:29:59,688 [INFO] SSEBackend.SSERouter: RealtimeCacheManager background polling task stopped.
2026-07-08 13:30:01,294 [INFO] SSEApi: Starting MMS SSE API Server at http://0.0.0.0:8002
2026-07-09 08:23:22,466 [INFO] SSEApi: Starting MMS SSE API Server at http://0.0.0.0:8002
2026-07-09 08:23:24,049 [INFO] SSEBackend.SSERouter: RealtimeCacheManager background polling task started (interval=5.0s).
2026-07-09 11:00:29,639 [INFO] SSEBackend.SSERouter: Real-time stream started for category=mqtt, process=demo1
2026-07-09 11:00:37,141 [INFO] SSEBackend.SSERouter: Client disconnected from stream for category=mqtt, process=demo1
2026-07-09 11:57:02,928 [INFO] SSEBackend.SSERouter: Real-time stream started for category=mqtt, process=demo1
2026-07-09 11:57:05,311 [INFO] SSEBackend.SSERouter: Client disconnected from stream for category=mqtt, process=demo1
2026-07-09 12:11:46,072 [INFO] SSEBackend.SSERouter: Real-time stream started for category=status, process=demo1
2026-07-09 12:12:06,508 [INFO] SSEBackend.SSERouter: Client disconnected from stream for category=status, process=demo1
2026-07-09 12:27:00,056 [INFO] SSEBackend.SSERouter: RealtimeCacheManager background polling task stopped.
2026-07-09 12:27:02,823 [INFO] SSEApi: Starting MMS SSE API Server at http://0.0.0.0:8002
2026-07-09 12:27:03,606 [INFO] SSEBackend.SSERouter: RealtimeCacheManager background polling task started (interval=5.0s).
2026-07-09 12:27:12,402 [INFO] SSEBackend.SSERouter: Real-time stream started for category=mqtt, process=demo1
2026-07-09 12:27:27,073 [INFO] SSEBackend.SSERouter: Client disconnected from stream for category=mqtt, process=demo1
2026-07-09 12:27:36,946 [INFO] SSEBackend.SSERouter: Real-time stream started for category=mqtt, process=demo1
2026-07-09 12:27:37,503 [INFO] SSEBackend.SSERouter: Client disconnected from stream for category=mqtt, process=demo1
2026-07-09 12:29:49,020 [INFO] SSEBackend.SSERouter: Real-time stream started for category=mqtt, process=demo1
2026-07-09 12:30:22,870 [INFO] SSEBackend.SSERouter: Real-time stream started for category=mqtt, process=demo1
2026-07-09 12:31:55,876 [INFO] SSEBackend.SSERouter: Real-time stream started for category=mqtt, process=demo1
2026-07-09 12:32:00,546 [INFO] SSEBackend.SSERouter: Real-time stream started for category=mqtt, process=demo1
2026-07-09 12:32:11,698 [INFO] SSEBackend.SSERouter: Real-time stream started for category=mqtt, process=demo1
2026-07-09 12:33:45,890 [INFO] SSEBackend.SSERouter: Real-time stream started for category=mqtt, process=demo1
2026-07-09 12:33:53,719 [INFO] SSEBackend.SSERouter: Real-time stream started for category=mqtt, process=demo1
2026-07-09 13:24:33,041 [INFO] SSEBackend.SSERouter: Client disconnected from stream for category=mqtt, process=demo1
2026-07-09 13:24:33,047 [INFO] SSEBackend.SSERouter: Client disconnected from stream for category=mqtt, process=demo1
2026-07-09 13:24:33,047 [INFO] SSEBackend.SSERouter: Client disconnected from stream for category=mqtt, process=demo1
2026-07-09 13:24:33,048 [INFO] SSEBackend.SSERouter: Client disconnected from stream for category=mqtt, process=demo1
2026-07-09 13:24:33,049 [INFO] SSEBackend.SSERouter: Client disconnected from stream for category=mqtt, process=demo1
2026-07-09 13:24:33,049 [INFO] SSEBackend.SSERouter: Client disconnected from stream for category=mqtt, process=demo1
2026-07-09 13:24:33,054 [INFO] SSEBackend.SSERouter: Real-time stream started for category=mqtt, process=demo1
2026-07-09 13:24:33,055 [INFO] SSEBackend.SSERouter: Client disconnected from stream for category=mqtt, process=demo1
2026-07-09 13:24:33,121 [INFO] SSEBackend.SSERouter: Real-time stream started for category=mqtt, process=demo1
2026-07-09 13:26:02,881 [INFO] SSEBackend.SSERouter: Real-time stream started for category=mqtt, process=demo1
2026-07-09 13:26:02,900 [INFO] SSEBackend.SSERouter: Real-time stream started for category=mqtt, process=demo1
2026-07-09 13:26:02,910 [INFO] SSEBackend.SSERouter: Real-time stream started for category=mqtt, process=demo1
2026-07-09 13:26:02,923 [INFO] SSEBackend.SSERouter: Real-time stream started for category=mqtt, process=demo1
2026-07-09 13:26:02,939 [INFO] SSEBackend.SSERouter: Real-time stream started for category=mqtt, process=demo1
2026-07-09 13:26:05,689 [INFO] SSEBackend.SSERouter: Client disconnected from stream for category=mqtt, process=demo1
2026-07-09 13:26:05,690 [INFO] SSEBackend.SSERouter: Client disconnected from stream for category=mqtt, process=demo1
2026-07-09 13:26:05,691 [INFO] SSEBackend.SSERouter: Client disconnected from stream for category=mqtt, process=demo1
2026-07-09 13:26:05,692 [INFO] SSEBackend.SSERouter: Client disconnected from stream for category=mqtt, process=demo1
2026-07-09 13:26:05,693 [INFO] SSEBackend.SSERouter: Client disconnected from stream for category=mqtt, process=demo1
2026-07-09 13:26:05,694 [INFO] SSEBackend.SSERouter: Client disconnected from stream for category=mqtt, process=demo1
2026-07-09 13:26:05,877 [INFO] SSEBackend.SSERouter: Real-time stream started for category=mqtt, process=demo1
2026-07-09 13:26:10,217 [INFO] SSEBackend.SSERouter: Real-time stream started for category=mqtt, process=demo1
2026-07-09 13:26:13,291 [INFO] SSEBackend.SSERouter: Client disconnected from stream for category=mqtt, process=demo1
2026-07-09 13:30:03,612 [INFO] SSEBackend.SSERouter: Real-time stream started for category=mqtt, process=demo1
2026-07-09 13:30:19,716 [INFO] SSEBackend.SSERouter: Real-time stream started for category=mqtt, process=demo1
2026-07-09 13:30:24,320 [INFO] SSEBackend.SSERouter: Real-time stream started for category=mqtt, process=demo1
2026-07-09 13:30:25,847 [INFO] SSEBackend.SSERouter: Real-time stream started for category=mqtt, process=demo1
2026-07-09 13:32:50,778 [INFO] SSEBackend.SSERouter: Client disconnected from stream for category=mqtt, process=demo1
2026-07-09 13:32:50,780 [INFO] SSEBackend.SSERouter: Client disconnected from stream for category=mqtt, process=demo1
2026-07-09 13:32:50,781 [INFO] SSEBackend.SSERouter: Client disconnected from stream for category=mqtt, process=demo1
2026-07-09 13:32:50,782 [INFO] SSEBackend.SSERouter: Client disconnected from stream for category=mqtt, process=demo1
2026-07-09 13:32:50,784 [INFO] SSEBackend.SSERouter: Client disconnected from stream for category=mqtt, process=demo1
2026-07-09 13:32:50,785 [INFO] SSEBackend.SSERouter: Client disconnected from stream for category=mqtt, process=demo1
2026-07-09 13:32:50,786 [INFO] SSEBackend.SSERouter: Real-time stream started for category=mqtt, process=demo1
2026-07-09 13:32:50,787 [INFO] SSEBackend.SSERouter: Client disconnected from stream for category=mqtt, process=demo1
2026-07-09 13:32:50,926 [INFO] SSEBackend.SSERouter: Real-time stream started for category=mqtt, process=demo1
2026-07-09 13:33:01,750 [INFO] SSEBackend.SSERouter: Real-time stream started for category=mqtt, process=demo1
2026-07-09 13:33:04,690 [INFO] SSEBackend.SSERouter: Client disconnected from stream for category=mqtt, process=demo1
2026-07-09 13:34:07,042 [INFO] SSEBackend.SSERouter: Real-time stream started for category=mqtt, process=demo1
2026-07-09 13:34:09,646 [INFO] SSEBackend.SSERouter: Real-time stream started for category=mqtt, process=demo1
2026-07-09 13:35:58,427 [INFO] SSEBackend.SSERouter: Real-time stream started for category=mqtt, process=demo1
2026-07-09 13:36:00,321 [INFO] SSEBackend.SSERouter: Client disconnected from stream for category=mqtt, process=demo1
2026-07-09 13:36:00,322 [INFO] SSEBackend.SSERouter: Client disconnected from stream for category=mqtt, process=demo1
2026-07-09 13:36:00,323 [INFO] SSEBackend.SSERouter: Client disconnected from stream for category=mqtt, process=demo1
2026-07-09 13:36:00,323 [INFO] SSEBackend.SSERouter: Client disconnected from stream for category=mqtt, process=demo1
2026-07-09 13:36:00,456 [INFO] SSEBackend.SSERouter: Real-time stream started for category=mqtt, process=demo1
2026-07-09 13:37:53,100 [INFO] SSEBackend.SSERouter: Real-time stream started for category=mqtt, process=demo1
2026-07-09 13:42:43,882 [INFO] SSEBackend.SSERouter: Real-time stream started for category=mqtt, process=demo1
2026-07-09 13:44:14,009 [INFO] SSEBackend.SSERouter: Client disconnected from stream for category=mqtt, process=demo1
2026-07-09 13:48:16,492 [INFO] SSEBackend.SSERouter: Real-time stream started for category=data, process=demo1
2026-07-09 13:48:27,278 [INFO] SSEBackend.SSERouter: Client disconnected from stream for category=data, process=demo1
2026-07-09 13:48:31,042 [INFO] SSEBackend.SSERouter: Real-time stream started for category=mqtt, process=demo1
2026-07-09 13:48:38,416 [INFO] SSEBackend.SSERouter: Client disconnected from stream for category=mqtt, process=demo1
2026-07-09 13:51:30,406 [INFO] SSEApi: Starting MMS SSE API Server at http://0.0.0.0:8002
2026-07-09 13:51:31,333 [INFO] SSEBackend.SSERouter: RealtimeCacheManager background polling task started (interval=5.0s).
2026-07-09 13:51:32,011 [INFO] SSEBackend.SSERouter: Real-time stream started for category=mqtt, process=demo1
2026-07-09 13:51:32,012 [INFO] SSEBackend.SSERouter: Real-time stream started for category=mqtt, process=demo1
2026-07-09 13:51:36,364 [INFO] SSEBackend.SSERouter: Real-time stream started for category=mqtt, process=demo1
2026-07-09 13:51:46,326 [INFO] SSEBackend.SSERouter: Client disconnected from stream for category=mqtt, process=demo1
2026-07-09 13:52:47,372 [INFO] SSEBackend.SSERouter: Real-time stream started for category=status, process=demo1
2026-07-09 13:52:54,449 [INFO] SSEBackend.SSERouter: Client disconnected from stream for category=status, process=demo1
2026-07-09 13:55:37,170 [INFO] SSEBackend.SSERouter: Real-time stream started for category=status, process=demo1
2026-07-09 13:55:38,849 [INFO] SSEBackend.SSERouter: Client disconnected from stream for category=status, process=demo1
2026-07-09 14:08:30,358 [INFO] SSEApi: Starting MMS SSE API Server at http://0.0.0.0:8002
