2026-07-07 04:45:24,642 [INFO] DeviceChecker: No .env file found, using system environment variables
2026-07-07 04:45:24,643 [INFO] DeviceChecker: Connecting to Redis at 192.168.0.191:6379...
2026-07-07 04:45:24,646 [INFO] DeviceChecker: Connecting to MQTT Broker at 192.168.0.191:1883...
2026-07-07 04:45:24,654 [INFO] DeviceChecker: Connected to MQTT Broker and started background loop
2026-07-07 04:45:24,655 [INFO] DeviceChecker: Scheduler loop started...
2026-07-07 04:45:24,655 [INFO] DeviceChecker: Starting device check round...
2026-07-07 04:45:24,714 [INFO] DeviceChecker: Retrieved 1000 master devices from ClickHouse device_register_tb
2026-07-07 04:45:24,757 [INFO] DeviceChecker: Successfully inserted 1000 records to ClickHouse device_tb
2026-07-07 04:50:24,733 [INFO] DeviceChecker: Starting device check round...
2026-07-07 04:50:24,777 [INFO] DeviceChecker: Retrieved 1000 master devices from ClickHouse device_register_tb
2026-07-07 04:50:24,792 [INFO] DeviceChecker: Successfully inserted 1000 records to ClickHouse device_tb
2026-07-07 04:55:24,768 [INFO] DeviceChecker: Starting device check round...
2026-07-07 04:55:24,819 [INFO] DeviceChecker: Retrieved 1000 master devices from ClickHouse device_register_tb
2026-07-07 04:55:24,830 [INFO] DeviceChecker: Successfully inserted 1000 records to ClickHouse device_tb
2026-07-07 05:00:24,808 [INFO] DeviceChecker: Starting device check round...
2026-07-07 05:00:24,861 [INFO] DeviceChecker: Retrieved 1000 master devices from ClickHouse device_register_tb
2026-07-07 05:00:24,876 [INFO] DeviceChecker: Successfully inserted 1000 records to ClickHouse device_tb
2026-07-07 05:05:24,851 [INFO] DeviceChecker: Starting device check round...
2026-07-07 05:05:24,917 [INFO] DeviceChecker: Retrieved 1000 master devices from ClickHouse device_register_tb
2026-07-07 05:05:24,928 [INFO] DeviceChecker: Successfully inserted 1000 records to ClickHouse device_tb
2026-07-07 05:08:10,992 [INFO] DeviceChecker: No .env file found, using system environment variables
2026-07-07 05:08:10,993 [INFO] DeviceChecker: Connecting to Redis at 192.168.0.191:6379...
2026-07-07 05:08:10,995 [INFO] DeviceChecker: Connecting to MQTT Broker at 192.168.0.191:1883...
2026-07-07 05:08:11,002 [INFO] DeviceChecker: Connected to MQTT Broker and started background loop
2026-07-07 05:08:11,003 [INFO] DeviceChecker: Scheduler loop started...
2026-07-07 05:08:11,003 [INFO] DeviceChecker: Starting device check round...
2026-07-07 05:08:11,038 [INFO] DeviceChecker: Retrieved 1000 master devices from ClickHouse device_register_tb
2026-07-07 05:08:11,071 [INFO] DeviceChecker: Successfully inserted 1000 records to ClickHouse device_tb
2026-07-07 05:09:12,030 [INFO] DeviceChecker: No .env file found, using system environment variables
2026-07-07 05:09:12,031 [INFO] DeviceChecker: Connecting to Redis at 192.168.0.191:6379...
2026-07-07 05:09:12,033 [INFO] DeviceChecker: Connecting to MQTT Broker at 192.168.0.191:1883...
2026-07-07 05:09:12,042 [INFO] DeviceChecker: Connected to MQTT Broker and started background loop
2026-07-07 05:09:12,042 [INFO] DeviceChecker: Scheduler loop started...
2026-07-07 05:09:12,043 [INFO] DeviceChecker: Starting device check round...
2026-07-07 05:09:12,076 [INFO] DeviceChecker: Retrieved 1000 master devices from ClickHouse device_register_tb
2026-07-07 05:09:12,110 [INFO] DeviceChecker: Successfully inserted 1000 records to ClickHouse device_tb
2026-07-07 15:13:06,023 [INFO] DeviceChecker: Loaded environment variables from: /app/.env
2026-07-07 15:13:06,024 [INFO] DeviceChecker: Connecting to Redis at 192.168.1.30:6379...
2026-07-07 15:13:06,029 [INFO] DeviceChecker: Connecting to MQTT Broker at 192.168.1.30:1883...
2026-07-07 15:13:07,580 [INFO] DeviceChecker: Connected to MQTT Broker and started background loop
2026-07-07 15:13:07,590 [INFO] DeviceChecker: Scheduler loop started...
2026-07-07 15:13:07,590 [INFO] DeviceChecker: Starting device check round...
2026-07-07 15:13:07,929 [INFO] DeviceChecker: Retrieved 1000 master devices from ClickHouse device_register_tb
2026-07-07 15:13:08,008 [INFO] DeviceChecker: Successfully inserted 1000 records to ClickHouse device_tb
2026-07-09 01:23:21,975 [INFO] DeviceChecker: No .env file found, using system environment variables
2026-07-09 01:23:21,976 [INFO] DeviceChecker: Connecting to Redis at 192.168.0.191:6379...
2026-07-09 01:23:21,985 [INFO] DeviceChecker: Connecting to MQTT Broker at 192.168.0.191:1883...
2026-07-09 01:23:22,016 [INFO] DeviceChecker: Connected to MQTT Broker and started background loop
2026-07-09 01:23:22,017 [INFO] DeviceChecker: Scheduler loop started...
2026-07-09 01:23:22,017 [INFO] DeviceChecker: Starting device check round...
2026-07-09 01:23:22,130 [WARNING] clickhouse_connect.driver.httpclient: Unexpected Http Driver Exception
2026-07-09 01:23:22,132 [ERROR] DeviceChecker: Error querying ClickHouse: Error ('Connection aborted.', RemoteDisconnected('Remote end closed connection without response')) executing HTTP request attempt 2 (http://192.168.0.191:8123)
2026-07-09 01:28:22,115 [INFO] DeviceChecker: Starting device check round...
2026-07-09 01:28:22,166 [INFO] DeviceChecker: Retrieved 2000 master devices from ClickHouse configdb.device_register_tb
2026-07-09 01:28:22,202 [INFO] DeviceChecker: Successfully inserted 2000 records to ClickHouse device_tb
2026-07-09 01:33:22,186 [INFO] DeviceChecker: Starting device check round...
2026-07-09 01:33:22,236 [INFO] DeviceChecker: Retrieved 2000 master devices from ClickHouse configdb.device_register_tb
2026-07-09 01:33:22,258 [INFO] DeviceChecker: Successfully inserted 2000 records to ClickHouse device_tb
2026-07-09 01:38:22,242 [INFO] DeviceChecker: Starting device check round...
2026-07-09 01:38:22,286 [INFO] DeviceChecker: Retrieved 2000 master devices from ClickHouse configdb.device_register_tb
2026-07-09 01:38:22,300 [INFO] DeviceChecker: Successfully inserted 2000 records to ClickHouse device_tb
2026-07-09 01:43:22,283 [INFO] DeviceChecker: Starting device check round...
2026-07-09 01:43:22,328 [INFO] DeviceChecker: Retrieved 2000 master devices from ClickHouse configdb.device_register_tb
2026-07-09 01:43:22,340 [INFO] DeviceChecker: Successfully inserted 2000 records to ClickHouse device_tb
2026-07-09 01:48:22,319 [INFO] DeviceChecker: Starting device check round...
2026-07-09 01:48:22,364 [INFO] DeviceChecker: Retrieved 2000 master devices from ClickHouse configdb.device_register_tb
2026-07-09 01:48:22,382 [INFO] DeviceChecker: Successfully inserted 2000 records to ClickHouse device_tb
2026-07-09 01:53:22,361 [INFO] DeviceChecker: Starting device check round...
2026-07-09 01:53:22,400 [INFO] DeviceChecker: Retrieved 2000 master devices from ClickHouse configdb.device_register_tb
2026-07-09 01:53:22,473 [INFO] DeviceChecker: Successfully inserted 2000 records to ClickHouse device_tb
2026-07-09 01:58:22,454 [INFO] DeviceChecker: Starting device check round...
2026-07-09 01:58:22,488 [INFO] DeviceChecker: Retrieved 2000 master devices from ClickHouse configdb.device_register_tb
2026-07-09 01:58:22,500 [INFO] DeviceChecker: Successfully inserted 2000 records to ClickHouse device_tb
2026-07-09 02:03:22,480 [INFO] DeviceChecker: Starting device check round...
2026-07-09 02:03:22,509 [INFO] DeviceChecker: Retrieved 2000 master devices from ClickHouse configdb.device_register_tb
2026-07-09 02:03:22,520 [INFO] DeviceChecker: Successfully inserted 2000 records to ClickHouse device_tb
2026-07-09 02:08:22,500 [INFO] DeviceChecker: Starting device check round...
2026-07-09 02:08:22,547 [INFO] DeviceChecker: Retrieved 2000 master devices from ClickHouse configdb.device_register_tb
2026-07-09 02:08:22,560 [INFO] DeviceChecker: Successfully inserted 2000 records to ClickHouse device_tb
2026-07-09 02:13:22,541 [INFO] DeviceChecker: Starting device check round...
2026-07-09 02:13:22,575 [INFO] DeviceChecker: Retrieved 2000 master devices from ClickHouse configdb.device_register_tb
2026-07-09 02:13:22,587 [INFO] DeviceChecker: Successfully inserted 2000 records to ClickHouse device_tb
2026-07-09 02:18:22,569 [INFO] DeviceChecker: Starting device check round...
2026-07-09 02:18:22,604 [INFO] DeviceChecker: Retrieved 2000 master devices from ClickHouse configdb.device_register_tb
2026-07-09 02:18:22,615 [INFO] DeviceChecker: Successfully inserted 2000 records to ClickHouse device_tb
2026-07-09 02:23:22,595 [INFO] DeviceChecker: Starting device check round...
2026-07-09 02:23:22,634 [INFO] DeviceChecker: Retrieved 2000 master devices from ClickHouse configdb.device_register_tb
2026-07-09 02:23:22,647 [INFO] DeviceChecker: Successfully inserted 2000 records to ClickHouse device_tb
2026-07-09 02:28:22,629 [INFO] DeviceChecker: Starting device check round...
2026-07-09 02:28:22,666 [INFO] DeviceChecker: Retrieved 2000 master devices from ClickHouse configdb.device_register_tb
2026-07-09 02:28:22,679 [INFO] DeviceChecker: Successfully inserted 2000 records to ClickHouse device_tb
2026-07-09 02:33:22,660 [INFO] DeviceChecker: Starting device check round...
2026-07-09 02:33:24,696 [WARNING] urllib3.connectionpool: Retrying (Retry(total=0, connect=None, read=None, redirect=0, status=None)) after connection broken by 'NewConnectionError("HTTPConnection(host='192.168.0.191', port=8123): Failed to establish a new connection: [Errno 111] Connection refused")': /?query_id=5dfb3f47-df15-4bcb-84ff-1c916e6166c6
2026-07-09 02:33:26,748 [WARNING] clickhouse_connect.driver.httpclient: Unexpected Http Driver Exception
2026-07-09 02:33:26,749 [ERROR] DeviceChecker: Error querying ClickHouse: Error HTTPConnectionPool(host='192.168.0.191', port=8123): Max retries exceeded with url: /?query_id=5dfb3f47-df15-4bcb-84ff-1c916e6166c6 (Caused by NewConnectionError("HTTPConnection(host='192.168.0.191', port=8123): Failed to establish a new connection: [Errno 111] Connection refused")) executing HTTP request attempt 1 (http://192.168.0.191:8123)
2026-07-09 02:38:26,728 [INFO] DeviceChecker: Starting device check round...
2026-07-09 02:38:26,767 [INFO] DeviceChecker: Retrieved 1000 master devices from ClickHouse configdb.device_register_tb
2026-07-09 02:38:26,782 [INFO] DeviceChecker: Successfully inserted 1000 records to ClickHouse device_tb
2026-07-09 02:43:26,761 [INFO] DeviceChecker: Starting device check round...
2026-07-09 02:43:26,812 [INFO] DeviceChecker: Retrieved 1000 master devices from ClickHouse configdb.device_register_tb
2026-07-09 02:43:26,828 [INFO] DeviceChecker: Successfully inserted 1000 records to ClickHouse device_tb
2026-07-09 02:48:26,804 [INFO] DeviceChecker: Starting device check round...
2026-07-09 02:48:26,844 [INFO] DeviceChecker: Retrieved 1000 master devices from ClickHouse configdb.device_register_tb
2026-07-09 02:48:26,867 [INFO] DeviceChecker: Successfully inserted 1000 records to ClickHouse device_tb
2026-07-09 02:53:26,846 [INFO] DeviceChecker: Starting device check round...
2026-07-09 02:53:26,881 [INFO] DeviceChecker: Retrieved 1000 master devices from ClickHouse configdb.device_register_tb
2026-07-09 02:53:26,886 [ERROR] DeviceChecker: Error querying Redis: WRONGTYPE Operation against a key holding the wrong kind of value
2026-07-09 02:58:26,862 [INFO] DeviceChecker: Starting device check round...
2026-07-09 02:58:26,893 [INFO] DeviceChecker: Retrieved 1000 master devices from ClickHouse configdb.device_register_tb
2026-07-09 02:58:26,904 [INFO] DeviceChecker: Successfully inserted 1000 records to ClickHouse device_tb
2026-07-09 03:03:26,882 [INFO] DeviceChecker: Starting device check round...
2026-07-09 03:03:26,932 [INFO] DeviceChecker: Retrieved 1000 master devices from ClickHouse configdb.device_register_tb
2026-07-09 03:03:26,945 [INFO] DeviceChecker: Successfully inserted 1000 records to ClickHouse device_tb
2026-07-09 03:08:26,922 [INFO] DeviceChecker: Starting device check round...
2026-07-09 03:08:26,957 [INFO] DeviceChecker: Retrieved 1000 master devices from ClickHouse configdb.device_register_tb
2026-07-09 03:08:26,968 [INFO] DeviceChecker: Successfully inserted 1000 records to ClickHouse device_tb
2026-07-09 10:09:37,174 [INFO] DeviceChecker: Loaded environment variables from: D:\test_mms\.env
2026-07-09 10:09:37,174 [INFO] DeviceChecker: Connecting to Redis at 192.168.0.191:6379...
2026-07-09 10:09:37,195 [INFO] DeviceChecker: Connecting to MQTT Broker at 192.168.0.191:1883...
2026-07-09 10:09:37,196 [INFO] DeviceChecker: Connected to MQTT Broker and started background loop
2026-07-09 10:09:37,196 [INFO] DeviceChecker: Scheduler loop started...
2026-07-09 10:09:37,197 [INFO] DeviceChecker: Starting device check round...
2026-07-09 10:09:37,221 [INFO] DeviceChecker: Retrieved 1000 master devices from ClickHouse configdb.device_register_tb
2026-07-09 10:09:37,860 [INFO] DeviceChecker: Successfully inserted 1000 records to ClickHouse device_tb
2026-07-09 10:14:37,861 [INFO] DeviceChecker: Starting device check round...
2026-07-09 10:14:37,888 [INFO] DeviceChecker: Retrieved 1000 master devices from ClickHouse configdb.device_register_tb
2026-07-09 10:14:37,929 [INFO] DeviceChecker: Successfully inserted 1000 records to ClickHouse device_tb
2026-07-09 10:19:37,930 [INFO] DeviceChecker: Starting device check round...
2026-07-09 10:19:37,951 [INFO] DeviceChecker: Retrieved 1000 master devices from ClickHouse configdb.device_register_tb
2026-07-09 10:19:37,964 [INFO] DeviceChecker: Successfully inserted 1000 records to ClickHouse device_tb
2026-07-09 10:24:37,965 [INFO] DeviceChecker: Starting device check round...
2026-07-09 10:24:37,995 [INFO] DeviceChecker: Retrieved 1000 master devices from ClickHouse configdb.device_register_tb
2026-07-09 10:24:38,006 [INFO] DeviceChecker: Successfully inserted 1000 records to ClickHouse device_tb
2026-07-09 10:29:38,007 [INFO] DeviceChecker: Starting device check round...
2026-07-09 10:29:38,025 [INFO] DeviceChecker: Retrieved 1000 master devices from ClickHouse configdb.device_register_tb
2026-07-09 10:29:38,036 [INFO] DeviceChecker: Successfully inserted 1000 records to ClickHouse device_tb
2026-07-09 10:34:38,038 [INFO] DeviceChecker: Starting device check round...
2026-07-09 10:34:38,057 [INFO] DeviceChecker: Retrieved 1000 master devices from ClickHouse configdb.device_register_tb
2026-07-09 10:34:38,067 [INFO] DeviceChecker: Successfully inserted 1000 records to ClickHouse device_tb
2026-07-09 10:35:35,135 [INFO] DeviceChecker: Device Checker stopped by keyboard interrupt
2026-07-09 10:35:37,346 [INFO] DeviceChecker: Loaded environment variables from: D:\test_mms\.env
2026-07-09 10:35:37,347 [INFO] DeviceChecker: Connecting to Redis at 192.168.0.191:6379...
2026-07-09 10:35:37,349 [INFO] DeviceChecker: Connecting to MQTT Broker at 192.168.0.191:1883...
2026-07-09 10:35:37,350 [INFO] DeviceChecker: Connected to MQTT Broker and started background loop
2026-07-09 10:35:37,351 [INFO] DeviceChecker: Scheduler loop started...
2026-07-09 10:35:37,351 [INFO] DeviceChecker: Starting device check round...
2026-07-09 10:35:37,369 [INFO] DeviceChecker: Retrieved 1000 master devices from ClickHouse configdb.device_register_tb
2026-07-09 10:35:38,035 [INFO] DeviceChecker: Successfully inserted 1000 records to ClickHouse device_tb
2026-07-09 10:35:48,035 [INFO] DeviceChecker: Starting device check round...
2026-07-09 10:35:48,061 [INFO] DeviceChecker: Retrieved 1000 master devices from ClickHouse configdb.device_register_tb
2026-07-09 10:35:48,106 [INFO] DeviceChecker: Successfully inserted 1000 records to ClickHouse device_tb
2026-07-09 10:35:58,107 [INFO] DeviceChecker: Starting device check round...
2026-07-09 10:35:58,127 [INFO] DeviceChecker: Retrieved 1000 master devices from ClickHouse configdb.device_register_tb
2026-07-09 10:35:58,139 [INFO] DeviceChecker: Successfully inserted 1000 records to ClickHouse device_tb
2026-07-09 10:36:08,140 [INFO] DeviceChecker: Starting device check round...
2026-07-09 10:36:08,177 [INFO] DeviceChecker: Retrieved 1000 master devices from ClickHouse configdb.device_register_tb
2026-07-09 10:36:08,193 [INFO] DeviceChecker: Successfully inserted 1000 records to ClickHouse device_tb
2026-07-09 10:36:18,201 [INFO] DeviceChecker: Starting device check round...
2026-07-09 10:36:18,224 [INFO] DeviceChecker: Retrieved 1000 master devices from ClickHouse configdb.device_register_tb
2026-07-09 10:36:18,235 [INFO] DeviceChecker: Successfully inserted 1000 records to ClickHouse device_tb
2026-07-09 10:36:28,236 [INFO] DeviceChecker: Starting device check round...
2026-07-09 10:36:28,256 [INFO] DeviceChecker: Retrieved 1000 master devices from ClickHouse configdb.device_register_tb
2026-07-09 10:36:28,270 [INFO] DeviceChecker: Successfully inserted 1000 records to ClickHouse device_tb
2026-07-09 10:36:38,272 [INFO] DeviceChecker: Starting device check round...
2026-07-09 10:36:38,292 [INFO] DeviceChecker: Retrieved 1000 master devices from ClickHouse configdb.device_register_tb
2026-07-09 10:36:38,304 [INFO] DeviceChecker: Successfully inserted 1000 records to ClickHouse device_tb
2026-07-09 10:36:48,306 [INFO] DeviceChecker: Starting device check round...
2026-07-09 10:36:48,347 [INFO] DeviceChecker: Retrieved 1000 master devices from ClickHouse configdb.device_register_tb
2026-07-09 10:36:48,357 [INFO] DeviceChecker: Successfully inserted 1000 records to ClickHouse device_tb
2026-07-09 10:36:58,358 [INFO] DeviceChecker: Starting device check round...
2026-07-09 10:36:58,379 [INFO] DeviceChecker: Retrieved 1000 master devices from ClickHouse configdb.device_register_tb
2026-07-09 10:36:58,391 [INFO] DeviceChecker: Successfully inserted 1000 records to ClickHouse device_tb
2026-07-09 10:37:08,392 [INFO] DeviceChecker: Starting device check round...
2026-07-09 10:37:08,419 [INFO] DeviceChecker: Retrieved 1000 master devices from ClickHouse configdb.device_register_tb
2026-07-09 10:37:08,428 [INFO] DeviceChecker: Successfully inserted 1000 records to ClickHouse device_tb
2026-07-09 10:37:18,429 [INFO] DeviceChecker: Starting device check round...
2026-07-09 10:37:18,450 [INFO] DeviceChecker: Retrieved 1000 master devices from ClickHouse configdb.device_register_tb
2026-07-09 10:37:18,462 [INFO] DeviceChecker: Successfully inserted 1000 records to ClickHouse device_tb
2026-07-09 10:37:28,463 [INFO] DeviceChecker: Starting device check round...
2026-07-09 10:37:28,490 [INFO] DeviceChecker: Retrieved 1000 master devices from ClickHouse configdb.device_register_tb
2026-07-09 10:37:28,504 [INFO] DeviceChecker: Successfully inserted 1000 records to ClickHouse device_tb
2026-07-09 10:37:38,505 [INFO] DeviceChecker: Starting device check round...
2026-07-09 10:37:38,524 [INFO] DeviceChecker: Retrieved 1000 master devices from ClickHouse configdb.device_register_tb
2026-07-09 10:37:38,534 [INFO] DeviceChecker: Successfully inserted 1000 records to ClickHouse device_tb
2026-07-09 10:37:48,536 [INFO] DeviceChecker: Starting device check round...
2026-07-09 10:37:48,558 [INFO] DeviceChecker: Retrieved 1000 master devices from ClickHouse configdb.device_register_tb
2026-07-09 10:37:48,571 [INFO] DeviceChecker: Successfully inserted 1000 records to ClickHouse device_tb
2026-07-09 10:37:58,571 [INFO] DeviceChecker: Starting device check round...
2026-07-09 10:37:58,589 [INFO] DeviceChecker: Retrieved 1000 master devices from ClickHouse configdb.device_register_tb
2026-07-09 10:37:58,600 [INFO] DeviceChecker: Successfully inserted 1000 records to ClickHouse device_tb
2026-07-09 10:38:08,601 [INFO] DeviceChecker: Starting device check round...
2026-07-09 10:38:08,625 [INFO] DeviceChecker: Retrieved 1000 master devices from ClickHouse configdb.device_register_tb
2026-07-09 10:38:08,637 [INFO] DeviceChecker: Successfully inserted 1000 records to ClickHouse device_tb
2026-07-09 10:38:18,638 [INFO] DeviceChecker: Starting device check round...
2026-07-09 10:38:18,664 [INFO] DeviceChecker: Retrieved 1000 master devices from ClickHouse configdb.device_register_tb
2026-07-09 10:38:18,679 [INFO] DeviceChecker: Successfully inserted 1000 records to ClickHouse device_tb
2026-07-09 10:38:28,680 [INFO] DeviceChecker: Starting device check round...
2026-07-09 10:38:28,726 [INFO] DeviceChecker: Retrieved 1000 master devices from ClickHouse configdb.device_register_tb
2026-07-09 10:38:28,735 [INFO] DeviceChecker: Successfully inserted 1000 records to ClickHouse device_tb
2026-07-09 10:38:38,736 [INFO] DeviceChecker: Starting device check round...
2026-07-09 10:38:38,761 [INFO] DeviceChecker: Retrieved 1000 master devices from ClickHouse configdb.device_register_tb
2026-07-09 10:38:38,773 [INFO] DeviceChecker: Successfully inserted 1000 records to ClickHouse device_tb
2026-07-09 10:38:48,775 [INFO] DeviceChecker: Starting device check round...
2026-07-09 10:38:48,800 [INFO] DeviceChecker: Retrieved 1000 master devices from ClickHouse configdb.device_register_tb
2026-07-09 10:38:48,811 [INFO] DeviceChecker: Successfully inserted 1000 records to ClickHouse device_tb
2026-07-09 10:38:58,813 [INFO] DeviceChecker: Starting device check round...
2026-07-09 10:38:58,832 [INFO] DeviceChecker: Retrieved 1000 master devices from ClickHouse configdb.device_register_tb
2026-07-09 10:38:58,845 [INFO] DeviceChecker: Successfully inserted 1000 records to ClickHouse device_tb
2026-07-09 10:39:08,846 [INFO] DeviceChecker: Starting device check round...
2026-07-09 10:39:08,865 [INFO] DeviceChecker: Retrieved 1000 master devices from ClickHouse configdb.device_register_tb
2026-07-09 10:39:08,878 [INFO] DeviceChecker: Successfully inserted 1000 records to ClickHouse device_tb
2026-07-09 10:39:18,879 [INFO] DeviceChecker: Starting device check round...
2026-07-09 10:39:18,907 [INFO] DeviceChecker: Retrieved 1000 master devices from ClickHouse configdb.device_register_tb
2026-07-09 10:39:18,923 [INFO] DeviceChecker: Successfully inserted 1000 records to ClickHouse device_tb
2026-07-09 10:39:28,925 [INFO] DeviceChecker: Starting device check round...
2026-07-09 10:39:28,945 [INFO] DeviceChecker: Retrieved 1000 master devices from ClickHouse configdb.device_register_tb
2026-07-09 10:39:28,962 [INFO] DeviceChecker: Successfully inserted 1000 records to ClickHouse device_tb
2026-07-09 10:39:38,964 [INFO] DeviceChecker: Starting device check round...
2026-07-09 10:39:38,983 [INFO] DeviceChecker: Retrieved 1000 master devices from ClickHouse configdb.device_register_tb
2026-07-09 10:39:38,998 [INFO] DeviceChecker: Successfully inserted 1000 records to ClickHouse device_tb
2026-07-09 10:39:49,000 [INFO] DeviceChecker: Starting device check round...
2026-07-09 10:39:49,018 [INFO] DeviceChecker: Retrieved 1000 master devices from ClickHouse configdb.device_register_tb
2026-07-09 10:39:49,030 [INFO] DeviceChecker: Successfully inserted 1000 records to ClickHouse device_tb
2026-07-09 10:39:59,031 [INFO] DeviceChecker: Starting device check round...
2026-07-09 10:39:59,047 [INFO] DeviceChecker: Retrieved 1000 master devices from ClickHouse configdb.device_register_tb
2026-07-09 10:39:59,056 [INFO] DeviceChecker: Successfully inserted 1000 records to ClickHouse device_tb
2026-07-09 10:40:09,058 [INFO] DeviceChecker: Starting device check round...
2026-07-09 10:40:09,078 [INFO] DeviceChecker: Retrieved 1000 master devices from ClickHouse configdb.device_register_tb
2026-07-09 10:40:09,089 [INFO] DeviceChecker: Successfully inserted 1000 records to ClickHouse device_tb
2026-07-09 10:40:19,090 [INFO] DeviceChecker: Starting device check round...
2026-07-09 10:40:19,109 [INFO] DeviceChecker: Retrieved 1000 master devices from ClickHouse configdb.device_register_tb
2026-07-09 10:40:19,119 [INFO] DeviceChecker: Successfully inserted 1000 records to ClickHouse device_tb
2026-07-09 10:40:28,792 [INFO] DeviceChecker: Loaded environment variables from: D:\test_mms\.env
2026-07-09 10:40:28,792 [INFO] DeviceChecker: Connecting to Redis at 192.168.0.191:6379...
2026-07-09 10:40:28,794 [INFO] DeviceChecker: Connecting to MQTT Broker at 192.168.0.191:1883...
2026-07-09 10:40:28,795 [INFO] DeviceChecker: Connected to MQTT Broker and started background loop
2026-07-09 10:40:28,795 [INFO] DeviceChecker: Scheduler loop started...
2026-07-09 10:40:28,795 [INFO] DeviceChecker: Starting device check round...
2026-07-09 10:40:28,836 [INFO] DeviceChecker: Retrieved 1000 master devices from ClickHouse configdb.device_register_tb
2026-07-09 10:40:29,120 [INFO] DeviceChecker: Starting device check round...
2026-07-09 10:40:29,145 [INFO] DeviceChecker: Retrieved 1000 master devices from ClickHouse configdb.device_register_tb
2026-07-09 10:40:29,147 [ERROR] DeviceChecker: Error querying Redis: WRONGTYPE Operation against a key holding the wrong kind of value
2026-07-09 10:40:29,449 [INFO] DeviceChecker: Successfully inserted 1000 records to ClickHouse device_tb
2026-07-09 10:40:39,147 [INFO] DeviceChecker: Starting device check round...
2026-07-09 10:40:39,169 [INFO] DeviceChecker: Retrieved 1000 master devices from ClickHouse configdb.device_register_tb
2026-07-09 10:40:39,180 [INFO] DeviceChecker: Successfully inserted 1000 records to ClickHouse device_tb
2026-07-09 10:40:49,181 [INFO] DeviceChecker: Starting device check round...
2026-07-09 10:40:49,202 [INFO] DeviceChecker: Retrieved 1000 master devices from ClickHouse configdb.device_register_tb
2026-07-09 10:40:49,213 [INFO] DeviceChecker: Successfully inserted 1000 records to ClickHouse device_tb
2026-07-09 10:40:52,799 [INFO] DeviceChecker: Device Checker stopped by keyboard interrupt
2026-07-09 10:40:54,591 [INFO] DeviceChecker: Loaded environment variables from: D:\test_mms\.env
2026-07-09 10:40:54,592 [INFO] DeviceChecker: Connecting to Redis at 192.168.0.191:6379...
2026-07-09 10:40:54,593 [INFO] DeviceChecker: Connecting to MQTT Broker at 192.168.0.191:1883...
2026-07-09 10:40:54,619 [INFO] DeviceChecker: Connected to MQTT Broker and started background loop
2026-07-09 10:40:54,619 [INFO] DeviceChecker: Scheduler loop started...
2026-07-09 10:40:54,619 [INFO] DeviceChecker: Starting device check round...
2026-07-09 10:40:54,641 [INFO] DeviceChecker: Retrieved 1000 master devices from ClickHouse configdb.device_register_tb
2026-07-09 10:40:55,267 [INFO] DeviceChecker: Successfully inserted 1000 records to ClickHouse device_tb
2026-07-09 10:41:05,267 [INFO] DeviceChecker: Starting device check round...
2026-07-09 10:41:05,288 [INFO] DeviceChecker: Retrieved 1000 master devices from ClickHouse configdb.device_register_tb
2026-07-09 10:41:05,305 [INFO] DeviceChecker: Successfully inserted 1000 records to ClickHouse device_tb
2026-07-09 10:41:15,306 [INFO] DeviceChecker: Starting device check round...
2026-07-09 10:41:15,373 [INFO] DeviceChecker: Retrieved 1000 master devices from ClickHouse configdb.device_register_tb
2026-07-09 10:41:15,387 [INFO] DeviceChecker: Successfully inserted 1000 records to ClickHouse device_tb
2026-07-09 10:41:25,388 [INFO] DeviceChecker: Starting device check round...
2026-07-09 10:41:25,405 [INFO] DeviceChecker: Retrieved 1000 master devices from ClickHouse configdb.device_register_tb
2026-07-09 10:41:25,416 [INFO] DeviceChecker: Successfully inserted 1000 records to ClickHouse device_tb
2026-07-09 10:41:35,417 [INFO] DeviceChecker: Starting device check round...
2026-07-09 10:41:35,446 [INFO] DeviceChecker: Retrieved 1000 master devices from ClickHouse configdb.device_register_tb
2026-07-09 10:41:35,458 [INFO] DeviceChecker: Successfully inserted 1000 records to ClickHouse device_tb
2026-07-09 10:41:45,459 [INFO] DeviceChecker: Starting device check round...
2026-07-09 10:41:45,496 [INFO] DeviceChecker: Retrieved 1000 master devices from ClickHouse configdb.device_register_tb
2026-07-09 10:41:45,510 [INFO] DeviceChecker: Successfully inserted 1000 records to ClickHouse device_tb
2026-07-09 10:41:55,511 [INFO] DeviceChecker: Starting device check round...
2026-07-09 10:41:55,542 [INFO] DeviceChecker: Retrieved 1000 master devices from ClickHouse configdb.device_register_tb
2026-07-09 10:41:55,553 [INFO] DeviceChecker: Successfully inserted 1000 records to ClickHouse device_tb
2026-07-09 10:42:05,553 [INFO] DeviceChecker: Starting device check round...
2026-07-09 10:42:05,574 [INFO] DeviceChecker: Retrieved 1000 master devices from ClickHouse configdb.device_register_tb
2026-07-09 10:42:05,576 [INFO] DeviceChecker: Device demo1/no_1 is back ONLINE.
2026-07-09 10:42:05,576 [INFO] DeviceChecker: Device demo1/no_2 is back ONLINE.
2026-07-09 10:42:05,576 [INFO] DeviceChecker: Device demo1/no_3 is back ONLINE.
2026-07-09 10:42:05,587 [INFO] DeviceChecker: Successfully inserted 1000 records to ClickHouse device_tb
2026-07-09 10:42:15,587 [INFO] DeviceChecker: Starting device check round...
2026-07-09 10:42:15,606 [INFO] DeviceChecker: Retrieved 1000 master devices from ClickHouse configdb.device_register_tb
2026-07-09 10:42:15,617 [INFO] DeviceChecker: Successfully inserted 1000 records to ClickHouse device_tb
2026-07-09 10:42:25,619 [INFO] DeviceChecker: Starting device check round...
2026-07-09 10:42:25,642 [INFO] DeviceChecker: Retrieved 1000 master devices from ClickHouse configdb.device_register_tb
2026-07-09 10:42:25,655 [INFO] DeviceChecker: Successfully inserted 1000 records to ClickHouse device_tb
2026-07-09 10:42:35,656 [INFO] DeviceChecker: Starting device check round...
2026-07-09 10:42:35,687 [INFO] DeviceChecker: Retrieved 1000 master devices from ClickHouse configdb.device_register_tb
2026-07-09 10:42:35,698 [INFO] DeviceChecker: Successfully inserted 1000 records to ClickHouse device_tb
2026-07-09 10:42:45,699 [INFO] DeviceChecker: Starting device check round...
2026-07-09 10:42:45,720 [INFO] DeviceChecker: Retrieved 1000 master devices from ClickHouse configdb.device_register_tb
2026-07-09 10:42:45,734 [INFO] DeviceChecker: Successfully inserted 1000 records to ClickHouse device_tb
2026-07-09 10:42:55,735 [INFO] DeviceChecker: Starting device check round...
2026-07-09 10:42:55,758 [INFO] DeviceChecker: Retrieved 1000 master devices from ClickHouse configdb.device_register_tb
2026-07-09 10:42:55,769 [INFO] DeviceChecker: Successfully inserted 1000 records to ClickHouse device_tb
2026-07-09 10:43:05,770 [INFO] DeviceChecker: Starting device check round...
2026-07-09 10:43:05,800 [INFO] DeviceChecker: Retrieved 1000 master devices from ClickHouse configdb.device_register_tb
2026-07-09 10:43:05,828 [INFO] DeviceChecker: Successfully inserted 1000 records to ClickHouse device_tb
2026-07-09 10:43:15,829 [INFO] DeviceChecker: Starting device check round...
2026-07-09 10:43:15,857 [INFO] DeviceChecker: Retrieved 1000 master devices from ClickHouse configdb.device_register_tb
2026-07-09 10:43:15,873 [INFO] DeviceChecker: Successfully inserted 1000 records to ClickHouse device_tb
2026-07-09 10:43:20,169 [INFO] DeviceChecker: Device Checker stopped by keyboard interrupt
2026-07-09 13:11:29,742 [INFO] DeviceChecker: No .env file found, using system environment variables
2026-07-09 13:11:29,743 [INFO] DeviceChecker: Connecting to Redis at 192.168.1.30:6379...
2026-07-09 13:11:29,746 [INFO] DeviceChecker: Connecting to MQTT Broker at 192.168.1.30:1883...
2026-07-09 13:11:29,755 [INFO] DeviceChecker: Connected to MQTT Broker and started background loop
2026-07-09 13:11:29,756 [INFO] DeviceChecker: Scheduler loop started...
2026-07-09 13:11:29,756 [INFO] DeviceChecker: Starting device check round...
2026-07-09 13:11:29,879 [INFO] DeviceChecker: Retrieved 1000 master devices from ClickHouse configdb.device_register_tb
2026-07-09 13:11:29,906 [INFO] DeviceChecker: Successfully inserted 1000 records to ClickHouse device_tb
2026-07-09 13:16:29,896 [INFO] DeviceChecker: Starting device check round...
2026-07-09 13:16:29,920 [INFO] DeviceChecker: Retrieved 1000 master devices from ClickHouse configdb.device_register_tb
2026-07-09 13:16:29,922 [INFO] DeviceChecker: Device demo1/no_1 is back ONLINE.
2026-07-09 13:16:29,922 [INFO] DeviceChecker: Device demo1/no_2 is back ONLINE.
2026-07-09 13:16:29,922 [INFO] DeviceChecker: Device demo1/no_3 is back ONLINE.
2026-07-09 13:16:29,923 [INFO] DeviceChecker: Device demo1/no_4 is back ONLINE.
2026-07-09 13:16:29,923 [INFO] DeviceChecker: Device demo1/no_5 is back ONLINE.
2026-07-09 13:16:29,923 [INFO] DeviceChecker: Device demo1/no_6 is back ONLINE.
2026-07-09 13:16:29,924 [INFO] DeviceChecker: Device demo1/no_7 is back ONLINE.
2026-07-09 13:16:29,924 [INFO] DeviceChecker: Device demo1/no_8 is back ONLINE.
2026-07-09 13:16:29,925 [INFO] DeviceChecker: Device demo1/no_9 is back ONLINE.
2026-07-09 13:16:29,925 [INFO] DeviceChecker: Device demo1/no_10 is back ONLINE.
2026-07-09 13:16:29,925 [INFO] DeviceChecker: Device demo1/no_11 is back ONLINE.
2026-07-09 13:16:29,926 [INFO] DeviceChecker: Device demo1/no_12 is back ONLINE.
2026-07-09 13:16:29,926 [INFO] DeviceChecker: Device demo1/no_13 is back ONLINE.
2026-07-09 13:16:29,926 [INFO] DeviceChecker: Device demo1/no_14 is back ONLINE.
2026-07-09 13:16:29,927 [INFO] DeviceChecker: Device demo1/no_15 is back ONLINE.
2026-07-09 13:16:29,927 [INFO] DeviceChecker: Device demo1/no_16 is back ONLINE.
2026-07-09 13:16:29,927 [INFO] DeviceChecker: Device demo1/no_17 is back ONLINE.
2026-07-09 13:16:29,928 [INFO] DeviceChecker: Device demo1/no_18 is back ONLINE.
2026-07-09 13:16:29,928 [INFO] DeviceChecker: Device demo1/no_19 is back ONLINE.
2026-07-09 13:16:29,929 [INFO] DeviceChecker: Device demo1/no_20 is back ONLINE.
2026-07-09 13:16:29,935 [INFO] DeviceChecker: Successfully inserted 1000 records to ClickHouse device_tb
2026-07-09 13:21:29,925 [INFO] DeviceChecker: Starting device check round...
2026-07-09 13:21:29,949 [INFO] DeviceChecker: Retrieved 1000 master devices from ClickHouse configdb.device_register_tb
2026-07-09 13:21:29,957 [INFO] DeviceChecker: Successfully inserted 1000 records to ClickHouse device_tb
2026-07-09 13:26:29,947 [INFO] DeviceChecker: Starting device check round...
2026-07-09 13:26:29,972 [INFO] DeviceChecker: Retrieved 1000 master devices from ClickHouse configdb.device_register_tb
2026-07-09 13:26:29,981 [INFO] DeviceChecker: Successfully inserted 1000 records to ClickHouse device_tb
2026-07-09 13:31:29,971 [INFO] DeviceChecker: Starting device check round...
2026-07-09 13:31:29,995 [INFO] DeviceChecker: Retrieved 1000 master devices from ClickHouse configdb.device_register_tb
2026-07-09 13:31:30,002 [INFO] DeviceChecker: Successfully inserted 1000 records to ClickHouse device_tb
2026-07-09 13:36:29,992 [INFO] DeviceChecker: Starting device check round...
2026-07-09 13:36:30,018 [INFO] DeviceChecker: Retrieved 1000 master devices from ClickHouse configdb.device_register_tb
2026-07-09 13:36:30,026 [INFO] DeviceChecker: Successfully inserted 1000 records to ClickHouse device_tb
2026-07-09 13:41:30,015 [INFO] DeviceChecker: Starting device check round...
2026-07-09 13:41:30,040 [INFO] DeviceChecker: Retrieved 1000 master devices from ClickHouse configdb.device_register_tb
2026-07-09 13:41:30,048 [INFO] DeviceChecker: Successfully inserted 1000 records to ClickHouse device_tb
2026-07-09 13:46:30,037 [INFO] DeviceChecker: Starting device check round...
2026-07-09 13:46:30,063 [INFO] DeviceChecker: Retrieved 1000 master devices from ClickHouse configdb.device_register_tb
2026-07-09 13:46:30,071 [INFO] DeviceChecker: Successfully inserted 1000 records to ClickHouse device_tb
2026-07-09 13:51:30,060 [INFO] DeviceChecker: Starting device check round...
2026-07-09 13:51:30,085 [INFO] DeviceChecker: Retrieved 1000 master devices from ClickHouse configdb.device_register_tb
2026-07-09 13:51:30,093 [INFO] DeviceChecker: Successfully inserted 1000 records to ClickHouse device_tb
2026-07-09 13:56:30,082 [INFO] DeviceChecker: Starting device check round...
2026-07-09 13:56:30,107 [INFO] DeviceChecker: Retrieved 1000 master devices from ClickHouse configdb.device_register_tb
2026-07-09 13:56:30,115 [INFO] DeviceChecker: Successfully inserted 1000 records to ClickHouse device_tb
2026-07-09 14:01:30,104 [INFO] DeviceChecker: Starting device check round...
2026-07-09 14:01:30,128 [INFO] DeviceChecker: Retrieved 1000 master devices from ClickHouse configdb.device_register_tb
2026-07-09 14:01:30,136 [INFO] DeviceChecker: Successfully inserted 1000 records to ClickHouse device_tb
2026-07-09 14:06:30,125 [INFO] DeviceChecker: Starting device check round...
2026-07-09 14:06:30,149 [INFO] DeviceChecker: Retrieved 1000 master devices from ClickHouse configdb.device_register_tb
2026-07-09 14:06:30,157 [INFO] DeviceChecker: Successfully inserted 1000 records to ClickHouse device_tb
2026-07-09 14:11:30,146 [INFO] DeviceChecker: Starting device check round...
2026-07-09 14:11:30,177 [INFO] DeviceChecker: Retrieved 1000 master devices from ClickHouse configdb.device_register_tb
2026-07-09 14:11:30,194 [INFO] DeviceChecker: Successfully inserted 1000 records to ClickHouse device_tb
2026-07-09 14:16:30,183 [INFO] DeviceChecker: Starting device check round...
2026-07-09 14:16:30,207 [INFO] DeviceChecker: Retrieved 1000 master devices from ClickHouse configdb.device_register_tb
2026-07-09 14:16:30,216 [INFO] DeviceChecker: Successfully inserted 1000 records to ClickHouse device_tb
2026-07-09 14:21:30,204 [INFO] DeviceChecker: Starting device check round...
2026-07-09 14:21:30,229 [INFO] DeviceChecker: Retrieved 1000 master devices from ClickHouse configdb.device_register_tb
2026-07-09 14:21:30,236 [INFO] DeviceChecker: Successfully inserted 1000 records to ClickHouse device_tb
2026-07-09 14:26:30,225 [INFO] DeviceChecker: Starting device check round...
2026-07-09 14:26:30,249 [INFO] DeviceChecker: Retrieved 1000 master devices from ClickHouse configdb.device_register_tb
2026-07-09 14:26:30,257 [INFO] DeviceChecker: Successfully inserted 1000 records to ClickHouse device_tb
2026-07-09 14:31:30,246 [INFO] DeviceChecker: Starting device check round...
2026-07-09 14:31:30,276 [INFO] DeviceChecker: Retrieved 1000 master devices from ClickHouse configdb.device_register_tb
2026-07-09 14:31:30,288 [INFO] DeviceChecker: Successfully inserted 1000 records to ClickHouse device_tb
2026-07-09 14:36:30,278 [INFO] DeviceChecker: Starting device check round...
2026-07-09 14:36:30,302 [INFO] DeviceChecker: Retrieved 1000 master devices from ClickHouse configdb.device_register_tb
2026-07-09 14:36:30,310 [INFO] DeviceChecker: Successfully inserted 1000 records to ClickHouse device_tb
2026-07-09 14:41:30,299 [INFO] DeviceChecker: Starting device check round...
2026-07-09 14:41:30,324 [INFO] DeviceChecker: Retrieved 1000 master devices from ClickHouse configdb.device_register_tb
2026-07-09 14:41:30,332 [INFO] DeviceChecker: Successfully inserted 1000 records to ClickHouse device_tb
2026-07-09 14:46:30,322 [INFO] DeviceChecker: Starting device check round...
2026-07-09 14:46:30,346 [INFO] DeviceChecker: Retrieved 1000 master devices from ClickHouse configdb.device_register_tb
2026-07-09 14:46:30,354 [INFO] DeviceChecker: Successfully inserted 1000 records to ClickHouse device_tb
2026-07-09 14:51:30,335 [INFO] DeviceChecker: Starting device check round...
2026-07-09 14:51:30,361 [INFO] DeviceChecker: Retrieved 1000 master devices from ClickHouse configdb.device_register_tb
2026-07-09 14:51:30,369 [INFO] DeviceChecker: Successfully inserted 1000 records to ClickHouse device_tb
2026-07-09 14:56:30,354 [INFO] DeviceChecker: Starting device check round...
2026-07-09 14:56:30,378 [INFO] DeviceChecker: Retrieved 1000 master devices from ClickHouse configdb.device_register_tb
2026-07-09 14:56:30,386 [INFO] DeviceChecker: Successfully inserted 1000 records to ClickHouse device_tb
2026-07-09 15:01:30,371 [INFO] DeviceChecker: Starting device check round...
2026-07-09 15:01:30,399 [INFO] DeviceChecker: Retrieved 1000 master devices from ClickHouse configdb.device_register_tb
2026-07-09 15:01:30,408 [INFO] DeviceChecker: Successfully inserted 1000 records to ClickHouse device_tb
2026-07-09 15:06:30,394 [INFO] DeviceChecker: Starting device check round...
2026-07-09 15:06:30,421 [INFO] DeviceChecker: Retrieved 1000 master devices from ClickHouse configdb.device_register_tb
2026-07-09 15:06:30,429 [INFO] DeviceChecker: Successfully inserted 1000 records to ClickHouse device_tb
2026-07-09 15:11:30,416 [INFO] DeviceChecker: Starting device check round...
2026-07-09 15:11:30,441 [INFO] DeviceChecker: Retrieved 1000 master devices from ClickHouse configdb.device_register_tb
2026-07-09 15:11:30,449 [INFO] DeviceChecker: Successfully inserted 1000 records to ClickHouse device_tb
2026-07-09 15:16:30,430 [INFO] DeviceChecker: Starting device check round...
2026-07-09 15:16:30,463 [INFO] DeviceChecker: Retrieved 1000 master devices from ClickHouse configdb.device_register_tb
2026-07-09 15:16:30,472 [INFO] DeviceChecker: Successfully inserted 1000 records to ClickHouse device_tb
2026-07-09 15:21:30,465 [INFO] DeviceChecker: Starting device check round...
2026-07-09 15:21:30,500 [INFO] DeviceChecker: Retrieved 1000 master devices from ClickHouse configdb.device_register_tb
2026-07-09 15:21:30,508 [INFO] DeviceChecker: Successfully inserted 1000 records to ClickHouse device_tb
2026-07-09 15:26:30,495 [INFO] DeviceChecker: Starting device check round...
2026-07-09 15:26:30,520 [INFO] DeviceChecker: Retrieved 1000 master devices from ClickHouse configdb.device_register_tb
2026-07-09 15:26:30,528 [INFO] DeviceChecker: Successfully inserted 1000 records to ClickHouse device_tb
2026-07-09 15:31:30,506 [INFO] DeviceChecker: Starting device check round...
2026-07-09 15:31:30,531 [INFO] DeviceChecker: Retrieved 1000 master devices from ClickHouse configdb.device_register_tb
2026-07-09 15:31:30,539 [INFO] DeviceChecker: Successfully inserted 1000 records to ClickHouse device_tb
2026-07-09 15:36:30,523 [INFO] DeviceChecker: Starting device check round...
2026-07-09 15:36:30,548 [INFO] DeviceChecker: Retrieved 1000 master devices from ClickHouse configdb.device_register_tb
2026-07-09 15:36:30,556 [INFO] DeviceChecker: Successfully inserted 1000 records to ClickHouse device_tb
2026-07-09 15:41:30,540 [INFO] DeviceChecker: Starting device check round...
2026-07-09 15:41:30,566 [INFO] DeviceChecker: Retrieved 1000 master devices from ClickHouse configdb.device_register_tb
2026-07-09 15:41:30,575 [INFO] DeviceChecker: Successfully inserted 1000 records to ClickHouse device_tb
2026-07-09 15:46:30,562 [INFO] DeviceChecker: Starting device check round...
2026-07-09 15:46:30,595 [INFO] DeviceChecker: Retrieved 1000 master devices from ClickHouse configdb.device_register_tb
2026-07-09 15:46:30,608 [INFO] DeviceChecker: Successfully inserted 1000 records to ClickHouse device_tb
2026-07-09 15:51:30,596 [INFO] DeviceChecker: Starting device check round...
2026-07-09 15:51:30,620 [INFO] DeviceChecker: Retrieved 1000 master devices from ClickHouse configdb.device_register_tb
2026-07-09 15:51:30,628 [INFO] DeviceChecker: Successfully inserted 1000 records to ClickHouse device_tb
2026-07-09 15:56:30,616 [INFO] DeviceChecker: Starting device check round...
2026-07-09 15:56:30,640 [INFO] DeviceChecker: Retrieved 1000 master devices from ClickHouse configdb.device_register_tb
2026-07-09 15:56:30,648 [INFO] DeviceChecker: Successfully inserted 1000 records to ClickHouse device_tb
2026-07-09 16:01:30,636 [INFO] DeviceChecker: Starting device check round...
2026-07-09 16:01:30,663 [INFO] DeviceChecker: Retrieved 1000 master devices from ClickHouse configdb.device_register_tb
2026-07-09 16:01:30,672 [INFO] DeviceChecker: Successfully inserted 1000 records to ClickHouse device_tb
2026-07-09 16:06:30,660 [INFO] DeviceChecker: Starting device check round...
2026-07-09 16:06:30,686 [INFO] DeviceChecker: Retrieved 1000 master devices from ClickHouse configdb.device_register_tb
2026-07-10 01:09:59,031 [INFO] DeviceChecker: No .env file found, using system environment variables
2026-07-10 01:09:59,032 [INFO] DeviceChecker: Connecting to Redis at 192.168.0.191:6379...
2026-07-10 01:09:59,034 [INFO] DeviceChecker: Connecting to MQTT Broker at 192.168.0.191:1883...
2026-07-10 01:09:59,045 [INFO] DeviceChecker: Connected to MQTT Broker and started background loop
2026-07-10 01:09:59,046 [INFO] DeviceChecker: Scheduler loop started...
2026-07-10 01:09:59,046 [INFO] DeviceChecker: Starting device check round...
2026-07-10 01:09:59,094 [INFO] DeviceChecker: Retrieved 1000 master devices from ClickHouse configdb.device_register_tb
2026-07-10 01:09:59,128 [INFO] DeviceChecker: Successfully inserted 1000 records to ClickHouse device_tb
2026-07-10 01:14:59,113 [INFO] DeviceChecker: Starting device check round...
2026-07-10 01:14:59,156 [INFO] DeviceChecker: Retrieved 1000 master devices from ClickHouse configdb.device_register_tb
2026-07-10 01:14:59,173 [INFO] DeviceChecker: Successfully inserted 1000 records to ClickHouse device_tb
2026-07-10 01:19:59,141 [INFO] DeviceChecker: Starting device check round...
2026-07-10 01:19:59,193 [INFO] DeviceChecker: Retrieved 1000 master devices from ClickHouse configdb.device_register_tb
2026-07-10 01:19:59,196 [INFO] DeviceChecker: Device demo1/no_1 is back ONLINE.
2026-07-10 01:19:59,197 [INFO] DeviceChecker: Device demo1/no_2 is back ONLINE.
2026-07-10 01:19:59,197 [INFO] DeviceChecker: Device demo1/no_3 is back ONLINE.
2026-07-10 01:19:59,208 [INFO] DeviceChecker: Successfully inserted 1000 records to ClickHouse device_tb
2026-07-10 01:24:59,179 [INFO] DeviceChecker: Starting device check round...
2026-07-10 01:24:59,226 [INFO] DeviceChecker: Retrieved 1000 master devices from ClickHouse configdb.device_register_tb
2026-07-10 01:24:59,240 [INFO] DeviceChecker: Successfully inserted 1000 records to ClickHouse device_tb
2026-07-10 01:29:59,212 [INFO] DeviceChecker: Starting device check round...
2026-07-10 01:29:59,246 [INFO] DeviceChecker: Retrieved 1000 master devices from ClickHouse configdb.device_register_tb
2026-07-10 01:29:59,257 [INFO] DeviceChecker: Successfully inserted 1000 records to ClickHouse device_tb
2026-07-10 01:34:59,232 [INFO] DeviceChecker: Starting device check round...
2026-07-10 01:34:59,271 [INFO] DeviceChecker: Retrieved 1000 master devices from ClickHouse configdb.device_register_tb
2026-07-10 01:34:59,301 [INFO] DeviceChecker: Successfully inserted 1000 records to ClickHouse device_tb
2026-07-10 01:39:59,278 [INFO] DeviceChecker: Starting device check round...
2026-07-10 01:39:59,324 [INFO] DeviceChecker: Retrieved 1000 master devices from ClickHouse configdb.device_register_tb
2026-07-10 01:39:59,328 [INFO] DeviceChecker: Device demo1/no_1 is back ONLINE.
2026-07-10 01:39:59,328 [INFO] DeviceChecker: Device demo1/no_2 is back ONLINE.
2026-07-10 01:39:59,329 [INFO] DeviceChecker: Device demo1/no_3 is back ONLINE.
2026-07-10 01:39:59,329 [INFO] DeviceChecker: Device demo1/no_4 is back ONLINE.
2026-07-10 01:39:59,329 [INFO] DeviceChecker: Device demo1/no_5 is back ONLINE.
2026-07-10 01:39:59,330 [INFO] DeviceChecker: Device demo1/no_6 is back ONLINE.
2026-07-10 01:39:59,330 [INFO] DeviceChecker: Device demo1/no_7 is back ONLINE.
2026-07-10 01:39:59,330 [INFO] DeviceChecker: Device demo1/no_8 is back ONLINE.
2026-07-10 01:39:59,331 [INFO] DeviceChecker: Device demo1/no_9 is back ONLINE.
2026-07-10 01:39:59,331 [INFO] DeviceChecker: Device demo1/no_10 is back ONLINE.
2026-07-10 01:39:59,331 [INFO] DeviceChecker: Device demo1/no_11 is back ONLINE.
2026-07-10 01:39:59,332 [INFO] DeviceChecker: Device demo1/no_12 is back ONLINE.
2026-07-10 01:39:59,332 [INFO] DeviceChecker: Device demo1/no_13 is back ONLINE.
2026-07-10 01:39:59,333 [INFO] DeviceChecker: Device demo1/no_14 is back ONLINE.
2026-07-10 01:39:59,333 [INFO] DeviceChecker: Device demo1/no_15 is back ONLINE.
2026-07-10 01:39:59,333 [INFO] DeviceChecker: Device demo1/no_16 is back ONLINE.
2026-07-10 01:39:59,333 [INFO] DeviceChecker: Device demo1/no_17 is back ONLINE.
2026-07-10 01:39:59,334 [INFO] DeviceChecker: Device demo1/no_18 is back ONLINE.
2026-07-10 01:39:59,334 [INFO] DeviceChecker: Device demo1/no_19 is back ONLINE.
2026-07-10 01:39:59,335 [INFO] DeviceChecker: Device demo1/no_20 is back ONLINE.
2026-07-10 01:39:59,344 [INFO] DeviceChecker: Successfully inserted 1000 records to ClickHouse device_tb
2026-07-10 01:44:59,320 [INFO] DeviceChecker: Starting device check round...
2026-07-10 01:44:59,361 [INFO] DeviceChecker: Retrieved 1000 master devices from ClickHouse configdb.device_register_tb
2026-07-10 01:44:59,374 [INFO] DeviceChecker: Successfully inserted 1000 records to ClickHouse device_tb
2026-07-10 01:49:59,351 [INFO] DeviceChecker: Starting device check round...
2026-07-10 01:49:59,393 [INFO] DeviceChecker: Retrieved 1000 master devices from ClickHouse configdb.device_register_tb
2026-07-10 01:49:59,406 [INFO] DeviceChecker: Successfully inserted 1000 records to ClickHouse device_tb
2026-07-10 01:54:59,382 [INFO] DeviceChecker: Starting device check round...
2026-07-10 01:54:59,424 [INFO] DeviceChecker: Retrieved 1000 master devices from ClickHouse configdb.device_register_tb
2026-07-10 01:54:59,438 [INFO] DeviceChecker: Successfully inserted 1000 records to ClickHouse device_tb
2026-07-10 01:59:59,417 [INFO] DeviceChecker: Starting device check round...
2026-07-10 01:59:59,481 [INFO] DeviceChecker: Retrieved 1000 master devices from ClickHouse configdb.device_register_tb
2026-07-10 01:59:59,500 [INFO] DeviceChecker: Successfully inserted 1000 records to ClickHouse device_tb
2026-07-10 02:04:59,477 [INFO] DeviceChecker: Starting device check round...
2026-07-10 02:04:59,513 [INFO] DeviceChecker: Retrieved 1000 master devices from ClickHouse configdb.device_register_tb
2026-07-10 02:04:59,527 [INFO] DeviceChecker: Successfully inserted 1000 records to ClickHouse device_tb
2026-07-10 02:09:59,504 [INFO] DeviceChecker: Starting device check round...
2026-07-10 02:09:59,536 [INFO] DeviceChecker: Retrieved 1000 master devices from ClickHouse configdb.device_register_tb
2026-07-10 02:09:59,819 [INFO] DeviceChecker: Successfully inserted 1000 records to ClickHouse device_tb
2026-07-10 02:14:59,798 [INFO] DeviceChecker: Starting device check round...
2026-07-10 02:14:59,871 [INFO] DeviceChecker: Retrieved 1000 master devices from ClickHouse configdb.device_register_tb
2026-07-10 02:14:59,888 [INFO] DeviceChecker: Successfully inserted 1000 records to ClickHouse device_tb
2026-07-10 02:19:59,868 [INFO] DeviceChecker: Starting device check round...
2026-07-10 02:19:59,923 [INFO] DeviceChecker: Retrieved 1000 master devices from ClickHouse configdb.device_register_tb
2026-07-10 02:19:59,935 [INFO] DeviceChecker: Successfully inserted 1000 records to ClickHouse device_tb
2026-07-10 02:24:59,914 [INFO] DeviceChecker: Starting device check round...
2026-07-10 02:24:59,953 [INFO] DeviceChecker: Retrieved 1000 master devices from ClickHouse configdb.device_register_tb
2026-07-10 02:24:59,971 [INFO] DeviceChecker: Successfully inserted 1000 records to ClickHouse device_tb
2026-07-10 02:29:59,951 [INFO] DeviceChecker: Starting device check round...
2026-07-10 02:30:00,006 [INFO] DeviceChecker: Retrieved 1000 master devices from ClickHouse configdb.device_register_tb
2026-07-10 02:30:00,032 [INFO] DeviceChecker: Successfully inserted 1000 records to ClickHouse device_tb
2026-07-10 02:35:00,012 [INFO] DeviceChecker: Starting device check round...
2026-07-10 02:35:00,063 [INFO] DeviceChecker: Retrieved 1000 master devices from ClickHouse configdb.device_register_tb
2026-07-10 02:35:00,084 [INFO] DeviceChecker: Successfully inserted 1000 records to ClickHouse device_tb
2026-07-10 02:40:00,063 [INFO] DeviceChecker: Starting device check round...
2026-07-10 02:40:00,103 [INFO] DeviceChecker: Retrieved 1000 master devices from ClickHouse configdb.device_register_tb
2026-07-10 02:40:00,121 [INFO] DeviceChecker: Successfully inserted 1000 records to ClickHouse device_tb
2026-07-10 02:45:00,102 [INFO] DeviceChecker: Starting device check round...
2026-07-10 02:45:00,185 [INFO] DeviceChecker: Retrieved 1000 master devices from ClickHouse configdb.device_register_tb
2026-07-10 02:45:00,215 [INFO] DeviceChecker: Successfully inserted 1000 records to ClickHouse device_tb
2026-07-10 02:50:00,194 [INFO] DeviceChecker: Starting device check round...
2026-07-10 02:50:00,271 [INFO] DeviceChecker: Retrieved 1000 master devices from ClickHouse configdb.device_register_tb
2026-07-10 02:50:00,291 [INFO] DeviceChecker: Successfully inserted 1000 records to ClickHouse device_tb
2026-07-10 02:55:00,271 [INFO] DeviceChecker: Starting device check round...
2026-07-10 02:55:00,308 [INFO] DeviceChecker: Retrieved 1000 master devices from ClickHouse configdb.device_register_tb
2026-07-10 02:55:00,321 [INFO] DeviceChecker: Successfully inserted 1000 records to ClickHouse device_tb
2026-07-10 03:00:00,299 [INFO] DeviceChecker: Starting device check round...
2026-07-10 03:00:00,340 [INFO] DeviceChecker: Retrieved 1000 master devices from ClickHouse configdb.device_register_tb
2026-07-10 03:00:00,353 [INFO] DeviceChecker: Successfully inserted 1000 records to ClickHouse device_tb
2026-07-10 03:05:00,331 [INFO] DeviceChecker: Starting device check round...
2026-07-10 03:05:00,380 [INFO] DeviceChecker: Retrieved 1000 master devices from ClickHouse configdb.device_register_tb
2026-07-10 03:05:00,398 [INFO] DeviceChecker: Successfully inserted 1000 records to ClickHouse device_tb
2026-07-10 03:10:00,377 [INFO] DeviceChecker: Starting device check round...
2026-07-10 03:10:00,430 [INFO] DeviceChecker: Retrieved 1000 master devices from ClickHouse configdb.device_register_tb
2026-07-10 03:10:00,448 [INFO] DeviceChecker: Successfully inserted 1000 records to ClickHouse device_tb
2026-07-10 03:15:00,426 [INFO] DeviceChecker: Starting device check round...
2026-07-10 03:15:00,469 [INFO] DeviceChecker: Retrieved 1000 master devices from ClickHouse configdb.device_register_tb
2026-07-10 03:15:00,484 [INFO] DeviceChecker: Successfully inserted 1000 records to ClickHouse device_tb
2026-07-10 03:20:00,462 [INFO] DeviceChecker: Starting device check round...
2026-07-10 03:20:00,495 [INFO] DeviceChecker: Retrieved 1000 master devices from ClickHouse configdb.device_register_tb
2026-07-10 03:20:00,508 [INFO] DeviceChecker: Successfully inserted 1000 records to ClickHouse device_tb
2026-07-10 03:25:00,485 [INFO] DeviceChecker: Starting device check round...
2026-07-10 03:25:00,524 [INFO] DeviceChecker: Retrieved 1000 master devices from ClickHouse configdb.device_register_tb
2026-07-10 03:25:00,538 [INFO] DeviceChecker: Successfully inserted 1000 records to ClickHouse device_tb
2026-07-10 03:30:00,499 [INFO] DeviceChecker: Starting device check round...
2026-07-10 03:30:00,546 [INFO] DeviceChecker: Retrieved 1000 master devices from ClickHouse configdb.device_register_tb
2026-07-10 03:30:00,557 [INFO] DeviceChecker: Successfully inserted 1000 records to ClickHouse device_tb
2026-07-10 03:35:00,516 [INFO] DeviceChecker: Starting device check round...
2026-07-10 03:35:00,565 [INFO] DeviceChecker: Retrieved 1000 master devices from ClickHouse configdb.device_register_tb
2026-07-10 03:35:00,576 [INFO] DeviceChecker: Successfully inserted 1000 records to ClickHouse device_tb
2026-07-10 03:40:00,537 [INFO] DeviceChecker: Starting device check round...
2026-07-10 03:40:00,583 [INFO] DeviceChecker: Retrieved 1000 master devices from ClickHouse configdb.device_register_tb
2026-07-10 03:40:00,597 [INFO] DeviceChecker: Successfully inserted 1000 records to ClickHouse device_tb
2026-07-10 03:45:00,572 [INFO] DeviceChecker: Starting device check round...
2026-07-10 03:45:00,610 [INFO] DeviceChecker: Retrieved 1000 master devices from ClickHouse configdb.device_register_tb
2026-07-10 03:45:00,627 [INFO] DeviceChecker: Successfully inserted 1000 records to ClickHouse device_tb
2026-07-10 03:50:00,598 [INFO] DeviceChecker: Starting device check round...
2026-07-10 03:50:00,640 [INFO] DeviceChecker: Retrieved 1000 master devices from ClickHouse configdb.device_register_tb
2026-07-10 03:50:00,655 [INFO] DeviceChecker: Successfully inserted 1000 records to ClickHouse device_tb
2026-07-10 03:55:00,645 [INFO] DeviceChecker: Starting device check round...
2026-07-10 03:55:00,699 [INFO] DeviceChecker: Retrieved 1000 master devices from ClickHouse configdb.device_register_tb
2026-07-10 03:55:00,716 [INFO] DeviceChecker: Successfully inserted 1000 records to ClickHouse device_tb
2026-07-10 04:00:00,697 [INFO] DeviceChecker: Starting device check round...
2026-07-10 04:00:00,736 [INFO] DeviceChecker: Retrieved 1000 master devices from ClickHouse configdb.device_register_tb
2026-07-10 04:00:00,750 [INFO] DeviceChecker: Successfully inserted 1000 records to ClickHouse device_tb
2026-07-10 04:05:00,731 [INFO] DeviceChecker: Starting device check round...
2026-07-10 04:05:00,771 [INFO] DeviceChecker: Retrieved 1000 master devices from ClickHouse configdb.device_register_tb
2026-07-10 04:05:00,785 [INFO] DeviceChecker: Successfully inserted 1000 records to ClickHouse device_tb
2026-07-10 04:10:00,768 [INFO] DeviceChecker: Starting device check round...
2026-07-10 04:10:00,812 [INFO] DeviceChecker: Retrieved 1000 master devices from ClickHouse configdb.device_register_tb
2026-07-10 04:10:00,849 [INFO] DeviceChecker: Successfully inserted 1000 records to ClickHouse device_tb
2026-07-10 04:15:00,821 [INFO] DeviceChecker: Starting device check round...
2026-07-10 04:15:00,873 [INFO] DeviceChecker: Retrieved 1000 master devices from ClickHouse configdb.device_register_tb
2026-07-10 04:15:00,877 [INFO] DeviceChecker: Device demo1/no_1 is back ONLINE.
2026-07-10 04:15:00,882 [INFO] DeviceChecker: Device demo1/no_2 is back ONLINE.
2026-07-10 04:15:00,883 [INFO] DeviceChecker: Device demo1/no_3 is back ONLINE.
2026-07-10 04:15:00,883 [INFO] DeviceChecker: Device demo1/no_4 is back ONLINE.
2026-07-10 04:15:00,883 [INFO] DeviceChecker: Device demo1/no_5 is back ONLINE.
2026-07-10 04:15:00,883 [INFO] DeviceChecker: Device demo1/no_6 is back ONLINE.
2026-07-10 04:15:00,884 [INFO] DeviceChecker: Device demo1/no_7 is back ONLINE.
2026-07-10 04:15:00,884 [INFO] DeviceChecker: Device demo1/no_8 is back ONLINE.
2026-07-10 04:15:00,884 [INFO] DeviceChecker: Device demo1/no_9 is back ONLINE.
2026-07-10 04:15:00,885 [INFO] DeviceChecker: Device demo1/no_10 is back ONLINE.
2026-07-10 04:15:00,896 [INFO] DeviceChecker: Successfully inserted 1000 records to ClickHouse device_tb
2026-07-10 04:20:00,862 [INFO] DeviceChecker: Starting device check round...
2026-07-10 04:20:00,900 [INFO] DeviceChecker: Retrieved 1000 master devices from ClickHouse configdb.device_register_tb
2026-07-10 04:20:00,914 [INFO] DeviceChecker: Successfully inserted 1000 records to ClickHouse device_tb
2026-07-10 04:25:00,882 [INFO] DeviceChecker: Starting device check round...
2026-07-10 04:25:00,915 [INFO] DeviceChecker: Retrieved 1000 master devices from ClickHouse configdb.device_register_tb
2026-07-10 04:25:00,926 [INFO] DeviceChecker: Successfully inserted 1000 records to ClickHouse device_tb
2026-07-10 04:30:00,901 [INFO] DeviceChecker: Starting device check round...
2026-07-10 04:30:00,941 [INFO] DeviceChecker: Retrieved 1000 master devices from ClickHouse configdb.device_register_tb
2026-07-10 04:30:00,953 [INFO] DeviceChecker: Successfully inserted 1000 records to ClickHouse device_tb
2026-07-10 04:35:00,930 [INFO] DeviceChecker: Starting device check round...
2026-07-10 04:35:00,970 [INFO] DeviceChecker: Retrieved 1000 master devices from ClickHouse configdb.device_register_tb
2026-07-10 04:35:00,984 [INFO] DeviceChecker: Successfully inserted 1000 records to ClickHouse device_tb
2026-07-10 04:40:00,963 [INFO] DeviceChecker: Starting device check round...
2026-07-10 04:40:01,001 [INFO] DeviceChecker: Retrieved 1000 master devices from ClickHouse configdb.device_register_tb
2026-07-10 04:40:01,016 [INFO] DeviceChecker: Successfully inserted 1000 records to ClickHouse device_tb
2026-07-10 04:45:00,995 [INFO] DeviceChecker: Starting device check round...
2026-07-10 04:45:01,036 [INFO] DeviceChecker: Retrieved 1000 master devices from ClickHouse configdb.device_register_tb
2026-07-10 04:45:01,050 [INFO] DeviceChecker: Successfully inserted 1000 records to ClickHouse device_tb
2026-07-10 04:50:01,031 [INFO] DeviceChecker: Starting device check round...
2026-07-10 04:50:01,069 [INFO] DeviceChecker: Retrieved 1000 master devices from ClickHouse configdb.device_register_tb
2026-07-10 04:50:01,091 [INFO] DeviceChecker: Successfully inserted 1000 records to ClickHouse device_tb
2026-07-10 04:55:01,071 [INFO] DeviceChecker: Starting device check round...
2026-07-10 04:55:01,132 [INFO] DeviceChecker: Retrieved 1000 master devices from ClickHouse configdb.device_register_tb
2026-07-10 04:55:01,149 [INFO] DeviceChecker: Successfully inserted 1000 records to ClickHouse device_tb
2026-07-10 05:00:01,129 [INFO] DeviceChecker: Starting device check round...
2026-07-10 05:00:01,169 [INFO] DeviceChecker: Retrieved 1000 master devices from ClickHouse configdb.device_register_tb
2026-07-10 05:00:01,185 [INFO] DeviceChecker: Successfully inserted 1000 records to ClickHouse device_tb
2026-07-10 05:05:01,165 [INFO] DeviceChecker: Starting device check round...
2026-07-10 05:05:01,208 [INFO] DeviceChecker: Retrieved 1000 master devices from ClickHouse configdb.device_register_tb
2026-07-10 05:05:01,232 [INFO] DeviceChecker: Successfully inserted 1000 records to ClickHouse device_tb
2026-07-10 05:10:01,213 [INFO] DeviceChecker: Starting device check round...
2026-07-10 05:10:01,248 [INFO] DeviceChecker: Retrieved 1000 master devices from ClickHouse configdb.device_register_tb
2026-07-10 05:10:01,262 [INFO] DeviceChecker: Successfully inserted 1000 records to ClickHouse device_tb
2026-07-10 05:15:01,243 [INFO] DeviceChecker: Starting device check round...
2026-07-10 05:15:01,284 [INFO] DeviceChecker: Retrieved 1000 master devices from ClickHouse configdb.device_register_tb
2026-07-10 05:15:01,296 [INFO] DeviceChecker: Successfully inserted 1000 records to ClickHouse device_tb
2026-07-10 05:20:01,277 [INFO] DeviceChecker: Starting device check round...
2026-07-10 05:20:01,329 [INFO] DeviceChecker: Retrieved 1000 master devices from ClickHouse configdb.device_register_tb
2026-07-10 05:20:01,348 [INFO] DeviceChecker: Successfully inserted 1000 records to ClickHouse device_tb
2026-07-10 05:25:01,332 [INFO] DeviceChecker: Starting device check round...
2026-07-10 05:25:01,388 [INFO] DeviceChecker: Retrieved 1000 master devices from ClickHouse configdb.device_register_tb
2026-07-10 05:25:01,401 [INFO] DeviceChecker: Successfully inserted 1000 records to ClickHouse device_tb
2026-07-10 05:30:01,384 [INFO] DeviceChecker: Starting device check round...
2026-07-10 05:30:01,434 [INFO] DeviceChecker: Retrieved 1000 master devices from ClickHouse configdb.device_register_tb
2026-07-10 05:30:01,450 [INFO] DeviceChecker: Successfully inserted 1000 records to ClickHouse device_tb
2026-07-10 05:35:01,432 [INFO] DeviceChecker: Starting device check round...
2026-07-10 05:35:01,472 [INFO] DeviceChecker: Retrieved 1000 master devices from ClickHouse configdb.device_register_tb
2026-07-10 05:35:01,487 [INFO] DeviceChecker: Successfully inserted 1000 records to ClickHouse device_tb
2026-07-10 05:40:01,468 [INFO] DeviceChecker: Starting device check round...
2026-07-10 05:40:01,510 [INFO] DeviceChecker: Retrieved 1000 master devices from ClickHouse configdb.device_register_tb
2026-07-10 05:40:01,523 [INFO] DeviceChecker: Successfully inserted 1000 records to ClickHouse device_tb
2026-07-10 05:45:01,493 [INFO] DeviceChecker: Starting device check round...
2026-07-10 05:45:01,532 [INFO] DeviceChecker: Retrieved 1000 master devices from ClickHouse configdb.device_register_tb
2026-07-10 05:45:01,545 [INFO] DeviceChecker: Successfully inserted 1000 records to ClickHouse device_tb
2026-07-10 05:50:01,518 [INFO] DeviceChecker: Starting device check round...
2026-07-10 05:50:01,596 [INFO] DeviceChecker: Retrieved 1000 master devices from ClickHouse configdb.device_register_tb
2026-07-10 05:50:01,875 [INFO] DeviceChecker: Successfully inserted 1000 records to ClickHouse device_tb
2026-07-10 05:55:01,851 [INFO] DeviceChecker: Starting device check round...
2026-07-10 05:55:01,895 [INFO] DeviceChecker: Retrieved 1000 master devices from ClickHouse configdb.device_register_tb
2026-07-10 05:55:01,905 [INFO] DeviceChecker: Successfully inserted 1000 records to ClickHouse device_tb
2026-07-10 06:00:01,878 [INFO] DeviceChecker: Starting device check round...
2026-07-10 06:00:01,916 [INFO] DeviceChecker: Retrieved 1000 master devices from ClickHouse configdb.device_register_tb
2026-07-10 06:00:01,927 [INFO] DeviceChecker: Successfully inserted 1000 records to ClickHouse device_tb
2026-07-10 06:05:01,904 [INFO] DeviceChecker: Starting device check round...
2026-07-10 06:05:01,941 [INFO] DeviceChecker: Retrieved 1000 master devices from ClickHouse configdb.device_register_tb
2026-07-10 06:05:01,953 [INFO] DeviceChecker: Successfully inserted 1000 records to ClickHouse device_tb
2026-07-10 06:10:01,931 [INFO] DeviceChecker: Starting device check round...
2026-07-10 06:10:01,977 [INFO] DeviceChecker: Retrieved 1000 master devices from ClickHouse configdb.device_register_tb
2026-07-10 06:10:01,990 [INFO] DeviceChecker: Successfully inserted 1000 records to ClickHouse device_tb
2026-07-10 06:15:01,968 [INFO] DeviceChecker: Starting device check round...
2026-07-10 06:15:02,011 [INFO] DeviceChecker: Retrieved 1000 master devices from ClickHouse configdb.device_register_tb
2026-07-10 06:15:02,021 [INFO] DeviceChecker: Successfully inserted 1000 records to ClickHouse device_tb
2026-07-10 06:20:01,998 [INFO] DeviceChecker: Starting device check round...
2026-07-10 06:20:02,031 [INFO] DeviceChecker: Retrieved 1000 master devices from ClickHouse configdb.device_register_tb
2026-07-10 06:20:02,042 [INFO] DeviceChecker: Successfully inserted 1000 records to ClickHouse device_tb
2026-07-10 06:25:02,019 [INFO] DeviceChecker: Starting device check round...
2026-07-10 06:25:02,061 [INFO] DeviceChecker: Retrieved 1000 master devices from ClickHouse configdb.device_register_tb
2026-07-10 06:25:02,073 [INFO] DeviceChecker: Successfully inserted 1000 records to ClickHouse device_tb
2026-07-10 06:30:02,051 [INFO] DeviceChecker: Starting device check round...
2026-07-10 06:30:02,089 [INFO] DeviceChecker: Retrieved 1000 master devices from ClickHouse configdb.device_register_tb
2026-07-10 06:30:02,103 [INFO] DeviceChecker: Successfully inserted 1000 records to ClickHouse device_tb
2026-07-10 06:35:02,082 [INFO] DeviceChecker: Starting device check round...
2026-07-10 06:35:02,120 [INFO] DeviceChecker: Retrieved 1000 master devices from ClickHouse configdb.device_register_tb
2026-07-10 06:35:02,135 [INFO] DeviceChecker: Successfully inserted 1000 records to ClickHouse device_tb
2026-07-10 06:40:02,112 [INFO] DeviceChecker: Starting device check round...
2026-07-10 06:40:02,160 [INFO] DeviceChecker: Retrieved 1000 master devices from ClickHouse configdb.device_register_tb
2026-07-10 06:40:02,177 [INFO] DeviceChecker: Successfully inserted 1000 records to ClickHouse device_tb
2026-07-10 06:45:02,155 [INFO] DeviceChecker: Starting device check round...
2026-07-10 06:45:02,205 [INFO] DeviceChecker: Retrieved 1000 master devices from ClickHouse configdb.device_register_tb
2026-07-10 06:45:02,218 [INFO] DeviceChecker: Successfully inserted 1000 records to ClickHouse device_tb
2026-07-10 06:50:02,195 [INFO] DeviceChecker: Starting device check round...
2026-07-10 06:50:02,232 [INFO] DeviceChecker: Retrieved 1000 master devices from ClickHouse configdb.device_register_tb
2026-07-10 06:50:02,244 [INFO] DeviceChecker: Successfully inserted 1000 records to ClickHouse device_tb
2026-07-10 06:55:02,226 [INFO] DeviceChecker: Starting device check round...
2026-07-10 06:55:02,284 [INFO] DeviceChecker: Retrieved 1000 master devices from ClickHouse configdb.device_register_tb
2026-07-10 06:55:02,301 [INFO] DeviceChecker: Successfully inserted 1000 records to ClickHouse device_tb
2026-07-10 07:00:02,282 [INFO] DeviceChecker: Starting device check round...
2026-07-10 07:00:02,331 [INFO] DeviceChecker: Retrieved 1000 master devices from ClickHouse configdb.device_register_tb
2026-07-10 07:00:02,348 [INFO] DeviceChecker: Successfully inserted 1000 records to ClickHouse device_tb
2026-07-10 07:05:02,328 [INFO] DeviceChecker: Starting device check round...
2026-07-10 07:05:02,392 [INFO] DeviceChecker: Retrieved 1000 master devices from ClickHouse configdb.device_register_tb
2026-07-10 07:05:02,409 [INFO] DeviceChecker: Successfully inserted 1000 records to ClickHouse device_tb
2026-07-10 07:10:02,391 [INFO] DeviceChecker: Starting device check round...
2026-07-10 07:10:02,450 [INFO] DeviceChecker: Retrieved 1000 master devices from ClickHouse configdb.device_register_tb
2026-07-10 07:10:02,465 [INFO] DeviceChecker: Successfully inserted 1000 records to ClickHouse device_tb
2026-07-10 07:15:02,445 [INFO] DeviceChecker: Starting device check round...
2026-07-10 07:15:02,485 [INFO] DeviceChecker: Retrieved 1000 master devices from ClickHouse configdb.device_register_tb
2026-07-10 07:15:02,515 [INFO] DeviceChecker: Successfully inserted 1000 records to ClickHouse device_tb
2026-07-10 07:20:02,498 [INFO] DeviceChecker: Starting device check round...
2026-07-10 07:20:02,556 [INFO] DeviceChecker: Retrieved 1000 master devices from ClickHouse configdb.device_register_tb
2026-07-10 07:20:02,559 [INFO] DeviceChecker: Device demo1/no_11 is back ONLINE.
2026-07-10 07:20:02,559 [INFO] DeviceChecker: Device demo1/no_12 is back ONLINE.
2026-07-10 07:20:02,560 [INFO] DeviceChecker: Device demo1/no_13 is back ONLINE.
2026-07-10 07:20:02,560 [INFO] DeviceChecker: Device demo1/no_14 is back ONLINE.
2026-07-10 07:20:02,560 [INFO] DeviceChecker: Device demo1/no_15 is back ONLINE.
2026-07-10 07:20:02,561 [INFO] DeviceChecker: Device demo1/no_16 is back ONLINE.
2026-07-10 07:20:02,561 [INFO] DeviceChecker: Device demo1/no_17 is back ONLINE.
2026-07-10 07:20:02,561 [INFO] DeviceChecker: Device demo1/no_18 is back ONLINE.
2026-07-10 07:20:02,561 [INFO] DeviceChecker: Device demo1/no_19 is back ONLINE.
2026-07-10 07:20:02,561 [INFO] DeviceChecker: Device demo1/no_20 is back ONLINE.
2026-07-10 07:20:02,575 [INFO] DeviceChecker: Successfully inserted 1000 records to ClickHouse device_tb
2026-07-10 07:25:02,550 [INFO] DeviceChecker: Starting device check round...
2026-07-10 07:25:02,596 [INFO] DeviceChecker: Retrieved 1000 master devices from ClickHouse configdb.device_register_tb
2026-07-10 07:25:02,612 [INFO] DeviceChecker: Successfully inserted 1000 records to ClickHouse device_tb
2026-07-10 07:30:02,589 [INFO] DeviceChecker: Starting device check round...
2026-07-10 07:30:02,631 [INFO] DeviceChecker: Retrieved 1000 master devices from ClickHouse configdb.device_register_tb
2026-07-10 07:30:02,648 [INFO] DeviceChecker: Successfully inserted 1000 records to ClickHouse device_tb
2026-07-10 07:35:02,625 [INFO] DeviceChecker: Starting device check round...
2026-07-10 07:35:02,729 [INFO] DeviceChecker: Retrieved 1000 master devices from ClickHouse configdb.device_register_tb
2026-07-10 07:35:02,764 [INFO] DeviceChecker: Successfully inserted 1000 records to ClickHouse device_tb
2026-07-10 07:40:02,768 [INFO] DeviceChecker: Starting device check round...
2026-07-10 07:40:02,992 [INFO] DeviceChecker: Retrieved 1000 master devices from ClickHouse configdb.device_register_tb
2026-07-10 07:40:03,052 [INFO] DeviceChecker: Successfully inserted 1000 records to ClickHouse device_tb
2026-07-10 07:45:03,031 [INFO] DeviceChecker: Starting device check round...
2026-07-10 07:45:03,092 [INFO] DeviceChecker: Retrieved 1000 master devices from ClickHouse configdb.device_register_tb
2026-07-10 07:45:03,109 [INFO] DeviceChecker: Successfully inserted 1000 records to ClickHouse device_tb
2026-07-10 07:48:45,163 [INFO] DeviceChecker: No .env file found, using system environment variables
2026-07-10 07:48:45,163 [INFO] DeviceChecker: Connecting to Redis at 192.168.0.191:6379...
2026-07-10 07:48:45,166 [INFO] DeviceChecker: Connecting to MQTT Broker at 192.168.0.191:1883...
2026-07-10 07:48:45,175 [INFO] DeviceChecker: Connected to MQTT Broker and started background loop
2026-07-10 07:48:45,176 [INFO] DeviceChecker: Scheduler loop started...
2026-07-10 07:48:45,176 [INFO] DeviceChecker: Starting device check round...
2026-07-10 07:48:45,221 [INFO] DeviceChecker: Retrieved 1000 master devices from ClickHouse configdb.device_register_tb
2026-07-10 07:48:45,263 [INFO] DeviceChecker: Successfully inserted 1000 records to ClickHouse device_tb
2026-07-10 07:52:59,600 [INFO] DeviceChecker: No .env file found, using system environment variables
2026-07-10 07:52:59,606 [INFO] DeviceChecker: Connecting to Redis at 192.168.0.191:6379...
2026-07-10 07:52:59,671 [INFO] DeviceChecker: Connecting to MQTT Broker at 192.168.0.191:1883...
2026-07-10 07:52:59,743 [INFO] DeviceChecker: Connected to MQTT Broker and started background loop
2026-07-10 07:52:59,750 [INFO] DeviceChecker: Scheduler loop started...
2026-07-10 07:52:59,751 [INFO] DeviceChecker: Starting device check round...
2026-07-10 07:52:59,887 [WARNING] clickhouse_connect.driver.httpclient: Unexpected Http Driver Exception
2026-07-10 07:52:59,889 [ERROR] DeviceChecker: Error querying ClickHouse: Error ('Connection aborted.', RemoteDisconnected('Remote end closed connection without response')) executing HTTP request attempt 2 (http://192.168.0.191:8123)
