2026-07-05 00:58:04,198 [INFO] RESTApi: Starting MMS REST API Server at http://0.0.0.0:8002
2026-07-05 19:58:41,689 [INFO] RESTApi: Starting MMS REST API Server at http://0.0.0.0:8002
2026-07-06 13:56:14,349 [INFO] RESTApi: Starting MMS REST API Server at http://0.0.0.0:8003
2026-07-06 13:56:58,960 [INFO] RESTBackend.Routers.Data: Fetching hourly data for process 'demo' from 2026-07-06 07:00:00+07:00 to 2026-07-06 13:56:58.960118+07:00
2026-07-06 13:57:13,875 [INFO] RESTBackend.Routers.Data: Fetching hourly data for process 'demo' from 2026-07-06 07:00:00+07:00 to 2026-07-06 13:57:13.875871+07:00
2026-07-06 13:57:20,037 [INFO] RESTBackend.Routers.Data: Fetching hourly data for process 'demo1' from 2026-07-06 07:00:00+07:00 to 2026-07-06 13:57:20.037639+07:00
2026-07-06 14:10:34,201 [INFO] RESTBackend.Routers.Data: Fetching hourly data for process 'demo' from 2026-07-06 07:00:00+07:00 to 2026-07-06 14:10:34.201077+07:00
2026-07-06 14:10:40,619 [INFO] RESTBackend.Routers.Data: Fetching hourly data for process 'demo1' from 2026-07-06 07:00:00+07:00 to 2026-07-06 14:10:40.619075+07:00
2026-07-06 14:11:46,040 [INFO] RESTBackend.Routers.Data: Fetching hourly data for process 'demo1' from 2026-07-06 07:00:00+07:00 to 2026-07-06 14:11:46.040444+07:00
2026-07-06 14:12:55,145 [INFO] RESTBackend.Routers.Data: Fetching hourly data for process 'demo1' from 2026-07-06 07:00:00+07:00 to 2026-07-06 14:12:55.145498+07:00
2026-07-06 14:14:15,025 [INFO] RESTBackend.Routers.Data: Fetching hourly data for process 'demo1' from 2026-07-06 07:00:00+07:00 to 2026-07-06 14:14:15.025041+07:00
2026-07-06 14:14:21,908 [INFO] RESTBackend.Routers.Data: Fetching hourly data for process 'demo1' from 2026-07-06 07:00:00+07:00 to 2026-07-06 14:14:21.908312+07:00
2026-07-06 14:14:22,951 [INFO] RESTBackend.Routers.Data: Fetching hourly data for process 'demo1' from 2026-07-06 07:00:00+07:00 to 2026-07-06 14:14:22.951035+07:00
2026-07-06 14:14:27,809 [INFO] RESTBackend.Routers.Data: Fetching hourly data for process 'demo1' from 2026-07-06 07:00:00+07:00 to 2026-07-06 14:14:27.806774+07:00
2026-07-06 14:14:32,155 [INFO] RESTBackend.Routers.Data: Fetching hourly data for process 'demo1' from 2026-07-06 07:00:00+07:00 to 2026-07-06 14:14:32.155986+07:00
2026-07-06 14:14:33,681 [INFO] RESTBackend.Routers.Data: Fetching hourly data for process 'demo1' from 2026-07-06 07:00:00+07:00 to 2026-07-06 14:14:33.681810+07:00
2026-07-06 14:14:48,290 [INFO] RESTBackend.Routers.Data: Fetching hourly data for process 'demo1' from 2026-07-06 07:00:00+07:00 to 2026-07-06 14:14:48.290163+07:00
2026-07-06 14:14:49,337 [INFO] RESTBackend.Routers.Data: Fetching hourly data for process 'demo1' from 2026-07-06 07:00:00+07:00 to 2026-07-06 14:14:49.337536+07:00
2026-07-06 14:15:00,349 [INFO] RESTBackend.Routers.Data: Fetching hourly data for process 'demo1' from 2026-07-06 07:00:00+07:00 to 2026-07-06 14:15:00.349923+07:00
2026-07-06 14:15:02,100 [INFO] RESTBackend.Routers.Data: Fetching hourly data for process 'demo1' from 2026-07-06 07:00:00+07:00 to 2026-07-06 14:15:02.100966+07:00
2026-07-06 14:15:36,413 [INFO] RESTBackend.Routers.Data: Fetching hourly data for process 'demo12' from 2026-07-06 07:00:00+07:00 to 2026-07-06 14:15:36.413601+07:00
2026-07-06 14:16:46,822 [INFO] RESTBackend.Routers.Data: Fetching hourly data for process 'demo12' from 2026-07-06 07:00:00+07:00 to 2026-07-06 14:16:46.822337+07:00
2026-07-06 14:18:30,742 [INFO] RESTBackend.Routers.Data: Fetching hourly data for process 'demo12' from 2026-07-06 07:00:00+07:00 to 2026-07-06 14:18:30.742222+07:00
2026-07-06 14:18:53,653 [INFO] RESTBackend.Routers.Data: Fetching hourly data for process 'demo12' from 2026-07-06 07:00:00+07:00 to 2026-07-06 14:18:53.653300+07:00
2026-07-06 14:19:21,199 [INFO] RESTBackend.Routers.Data: Fetching hourly data for process 'demo12' from 2026-07-06 07:00:00+07:00 to 2026-07-06 14:19:21.199865+07:00
2026-07-06 14:19:56,293 [INFO] RESTBackend.Routers.Data: Fetching hourly data for process 'demo12' from 2026-07-06 07:00:00+07:00 to 2026-07-06 14:19:56.293906+07:00
2026-07-06 14:20:27,518 [INFO] RESTBackend.Routers.Data: Fetching hourly data for process 'demo12' from 2026-07-06 07:00:00+07:00 to 2026-07-06 14:20:27.517726+07:00
2026-07-06 14:21:28,418 [INFO] RESTBackend.Routers.Data: Fetching hourly data for process 'demo1' from 2026-07-06 07:00:00+07:00 to 2026-07-06 14:21:28.418769+07:00
2026-07-06 14:21:56,599 [INFO] RESTBackend.Routers.Data: Fetching hourly data for device 'demo1/no1_1' from 2026-07-06 07:00:00+07:00 to 2026-07-06 14:21:56.599261+07:00
2026-07-06 14:21:59,726 [INFO] RESTBackend.Routers.Data: Fetching hourly data for device 'demo1/no1' from 2026-07-06 07:00:00+07:00 to 2026-07-06 14:21:59.726642+07:00
2026-07-06 14:22:03,622 [INFO] RESTBackend.Routers.Data: Fetching hourly data for device 'demo1/no_1' from 2026-07-06 07:00:00+07:00 to 2026-07-06 14:22:03.622641+07:00
2026-07-06 14:22:39,012 [INFO] RESTBackend.Routers.Data: Fetching hourly data for device 'demo1/no_1' from 2026-07-06 07:00:00+07:00 to 2026-07-06 14:22:39.012367+07:00
2026-07-06 14:22:49,014 [INFO] RESTBackend.Routers.Data: Fetching hourly data for device 'demo1/no_1' from 2026-07-06 07:00:00+07:00 to 2026-07-06 14:22:49.014662+07:00
2026-07-06 14:22:53,245 [INFO] RESTBackend.Routers.Data: Fetching hourly data for device 'demo1/no_100' from 2026-07-06 07:00:00+07:00 to 2026-07-06 14:22:53.245784+07:00
2026-07-06 14:22:57,823 [INFO] RESTBackend.Routers.Data: Fetching hourly data for device 'demo1/no_12' from 2026-07-06 07:00:00+07:00 to 2026-07-06 14:22:57.823533+07:00
2026-07-06 14:23:01,141 [INFO] RESTBackend.Routers.Data: Fetching hourly data for device 'demo1/no_1' from 2026-07-06 07:00:00+07:00 to 2026-07-06 14:23:01.141522+07:00
2026-07-06 14:30:27,116 [INFO] RESTBackend.Routers.Data: Fetching hourly data for device 'demo1/no_1' from 2026-07-06 07:00:00+07:00 to 2026-07-06 14:30:27.116329+07:00
2026-07-06 14:30:30,801 [INFO] RESTBackend.Routers.Data: Fetching hourly data for process 'demo1' from 2026-07-06 07:00:00+07:00 to 2026-07-06 14:30:30.801300+07:00
2026-07-06 14:31:10,993 [INFO] RESTBackend.Routers.Data: Fetching hourly data for device 'demo1/no_1' from 2026-07-06 07:00:00+07:00 to 2026-07-06 14:31:10.993156+07:00
2026-07-06 14:31:32,096 [INFO] RESTBackend.Routers.Data: Fetching hourly data for device 'demo1/no_1' from 2026-07-06 07:00:00+07:00 to 2026-07-06 14:31:32.096176+07:00
2026-07-06 14:31:33,055 [INFO] RESTBackend.Routers.Data: Fetching hourly data for device 'demo1/no_1' from 2026-07-06 07:00:00+07:00 to 2026-07-06 14:31:33.055625+07:00
2026-07-06 14:31:34,407 [INFO] RESTBackend.Routers.Data: Fetching hourly data for device 'demo1/no_1' from 2026-07-06 07:00:00+07:00 to 2026-07-06 14:31:34.407983+07:00
2026-07-06 14:32:32,812 [INFO] RESTBackend.Routers.Data: Fetching daily data for process 'demo1' from 2026-07-01 07:00:00+07:00 to 2026-07-06 14:32:32.812857+07:00
2026-07-06 14:32:56,237 [INFO] RESTBackend.Routers.Data: Fetching hourly data for device 'demo1/no_1' from 2026-07-06 07:00:00+07:00 to 2026-07-06 14:32:56.237183+07:00
2026-07-06 14:34:19,257 [INFO] RESTBackend.Routers.Data: Fetching hourly data for device 'demo1/no_1' from 2026-07-06 07:00:00+07:00 to 2026-07-06 14:34:19.257211+07:00
2026-07-06 14:35:08,884 [INFO] RESTBackend.Routers.Data: Fetching hourly data for device 'demo1/no_1' from 2026-07-06 07:00:00+07:00 to 2026-07-06 14:35:08.884856+07:00
2026-07-06 14:36:27,476 [INFO] RESTBackend.Routers.Data: Fetching hourly data for device 'demo1/no_1' from 2026-07-06 07:00:00+07:00 to 2026-07-06 14:36:27.476348+07:00
2026-07-06 14:37:40,988 [INFO] RESTBackend.Routers.Data: Fetching daily data for process 'demo1' from 2026-07-01 07:00:00+07:00 to 2026-07-06 14:37:40.988260+07:00
2026-07-06 14:38:52,835 [INFO] RESTBackend.Routers.Data: Fetching daily data for device 'demo1/no_1' from 2026-07-01 07:00:00+07:00 to 2026-07-06 14:38:52.835038+07:00
2026-07-06 14:40:32,929 [INFO] RESTBackend.Routers.Data: Fetching daily data for process 'demo1' from 2026-07-01 07:00:00+07:00 to 2026-07-06 14:40:32.929032+07:00
2026-07-06 14:43:48,359 [INFO] RESTBackend.Routers.Data: Fetching daily data for process 'demo1' from 2026-07-01 07:00:00+07:00 to 2026-07-06 14:43:48.359790+07:00
2026-07-06 14:44:10,023 [INFO] RESTBackend.Routers.Data: Fetching daily data for device 'demo1/no_1' from 2026-07-01 07:00:00+07:00 to 2026-07-06 14:44:10.023069+07:00
2026-07-06 14:45:32,584 [INFO] RESTBackend.Routers.Data: Fetching daily data for device 'demo1/no_1' from 2026-07-01 07:00:00+07:00 to 2026-07-31 23:59:59.999999+07:00
2026-07-06 14:45:59,198 [INFO] RESTBackend.Routers.Data: Fetching hourly data for device 'demo1/no_1' from 2026-07-06 07:00:00+07:00 to 2026-07-06 14:45:59.198189+07:00
2026-07-06 14:46:19,235 [INFO] RESTBackend.Routers.Data: Fetching daily data for device 'demo1/no_1' from 2026-07-01 07:00:00+07:00 to 2026-07-31 23:59:59.999999+07:00
2026-07-06 14:46:43,551 [INFO] RESTBackend.Routers.Data: Fetching daily data for process 'demo1' from 2026-07-01 07:00:00+07:00 to 2026-07-31 23:59:59.999999+07:00
2026-07-06 14:47:34,676 [INFO] RESTBackend.Routers.Data: Fetching daily data for process 'demo1' from 2026-07-01 07:00:00+07:00 to 2026-07-31 23:59:59.999999+07:00
2026-07-06 14:48:58,511 [INFO] RESTBackend.Routers.Data: Fetching daily data for process 'demo1' from 2026-07-01 07:00:00+07:00 to 2026-07-31 23:59:59.999999+07:00
2026-07-06 14:49:26,036 [INFO] RESTBackend.Routers.Data: Fetching daily data for process 'demo1' from 2026-07-01 07:00:00+07:00 to 2026-07-31 23:59:59.999999+07:00
2026-07-06 14:49:34,510 [INFO] RESTBackend.Routers.Data: Fetching daily data for device 'demo1/no_1' from 2026-07-01 07:00:00+07:00 to 2026-07-31 23:59:59.999999+07:00
2026-07-06 14:50:20,456 [INFO] RESTBackend.Routers.Data: Fetching daily data for device 'demo1/no_1' from 2026-07-01 07:00:00+07:00 to 2026-07-31 23:59:59.999999+07:00
2026-07-06 14:50:38,287 [INFO] RESTBackend.Routers.Data: Fetching daily data for process 'demo1' from 2026-07-01 07:00:00+07:00 to 2026-07-31 23:59:59.999999+07:00
2026-07-06 15:01:36,225 [INFO] RESTBackend.Routers.Data: Fetching monthly data for process 'demo1' from 2026-07-01 07:00:00+07:00 to 2026-08-01 07:00:00+07:00
2026-07-06 15:02:42,557 [INFO] RESTBackend.Routers.Data: Fetching monthly data for process 'demo1' from 2026-04-01 07:00:00+07:00 to 2026-05-01 07:00:00+07:00
2026-07-06 15:02:47,397 [INFO] RESTBackend.Routers.Data: Fetching monthly data for process 'demo1' from 2026-07-01 07:00:00+07:00 to 2026-08-01 07:00:00+07:00
2026-07-06 15:03:00,823 [INFO] RESTBackend.Routers.Data: Fetching monthly data for process 'demo1' from 2026-05-01 07:00:00+07:00 to 2026-06-01 07:00:00+07:00
2026-07-06 15:03:21,598 [INFO] RESTBackend.Routers.Data: Fetching monthly data for process 'demo1' from 2026-07-01 07:00:00+07:00 to 2026-08-01 07:00:00+07:00
2026-07-06 15:03:30,138 [INFO] RESTBackend.Routers.Data: Fetching monthly data for device 'demo1/no_1' from 2026-07-01 07:00:00+07:00 to 2026-08-01 07:00:00+07:00
2026-07-06 15:24:39,541 [INFO] RESTBackend.Routers.Data: Fetching monthly data for process 'demo1' from 2026-07-01 07:00:00+07:00 to 2026-08-01 07:00:00+07:00
2026-07-06 15:25:02,868 [INFO] RESTBackend.Routers.Data: Fetching monthly data for device 'demo1/no_1' from 2026-07-01 07:00:00+07:00 to 2026-08-01 07:00:00+07:00
2026-07-06 15:25:22,664 [INFO] RESTBackend.Routers.Data: Fetching monthly data for process 'demo1' from 2026-07-01 07:00:00+07:00 to 2026-08-01 07:00:00+07:00
2026-07-06 15:27:48,932 [INFO] RESTBackend.Routers.Data: Fetching monthly data for device 'demo1/no_1' from 2026-07-01 07:00:00+07:00 to 2026-08-01 07:00:00+07:00
2026-07-06 15:31:21,754 [INFO] RESTBackend.Routers.Data: Fetching monthly data for device 'demo1/no_1' from 2026-07-01 07:00:00+07:00 to 2026-08-01 07:00:00+07:00
2026-07-06 15:31:32,234 [INFO] RESTBackend.Routers.Data: Fetching daily data for device 'demo1/no_1' from 2026-07-01 07:00:00+07:00 to 2026-07-31 23:59:59.999999+07:00
2026-07-06 15:31:39,031 [INFO] RESTBackend.Routers.Data: Fetching monthly data for device 'demo1/no_1' from 2026-07-01 07:00:00+07:00 to 2026-08-01 07:00:00+07:00
2026-07-06 15:33:07,529 [INFO] RESTBackend.Routers.Data: Fetching monthly data for device 'demo1/no_1' from 2026-07-01 07:00:00+07:00 to 2026-08-01 07:00:00+07:00
2026-07-06 15:35:31,944 [INFO] RESTBackend.Routers.Data: Fetching monthly data for device 'demo1/no_1' from 2026-07-01 07:00:00+07:00 to 2026-08-01 07:00:00+07:00
2026-07-06 15:35:37,658 [INFO] RESTBackend.Routers.Data: Fetching monthly data for process 'demo1' from 2026-07-01 07:00:00+07:00 to 2026-08-01 07:00:00+07:00
2026-07-06 15:35:55,352 [INFO] RESTBackend.Routers.Data: Fetching daily data for process 'demo1' from 2026-07-01 07:00:00+07:00 to 2026-07-31 23:59:59.999999+07:00
2026-07-06 15:55:10,655 [INFO] RESTBackend.Routers.Status: Fetching hourly status for process 'demo1' from 2026-07-06 07:00:00+07:00 to 2026-07-06 15:55:10.655572+07:00
2026-07-06 15:55:30,224 [INFO] RESTBackend.Routers.Status: Fetching hourly status for device 'demo1/no_1' from 2026-07-06 07:00:00+07:00 to 2026-07-06 15:55:30.224092+07:00
2026-07-06 16:08:19,226 [INFO] RESTBackend.Routers.Data: Fetching hourly data for process 'demo1' from 2026-07-06 07:00:00+07:00 to 2026-07-06 16:08:19.226874+07:00
2026-07-06 16:08:24,709 [INFO] RESTBackend.Routers.Data: Fetching hourly data for device 'demo1/no_1' from 2026-07-06 07:00:00+07:00 to 2026-07-06 16:08:24.709904+07:00
2026-07-06 16:14:34,014 [INFO] RESTBackend.Routers.Data: Fetching hourly data for device 'demo1/no_1' from 2026-07-06 07:00:00+07:00 to 2026-07-06 16:14:34.014515+07:00
2026-07-06 16:14:44,811 [INFO] RESTBackend.Routers.Status: Fetching hourly status for device 'demo1/no_1' from 2026-07-06 07:00:00+07:00 to 2026-07-06 16:14:44.811778+07:00
2026-07-06 16:18:25,265 [INFO] RESTBackend.Routers.Status: Fetching hourly status for device 'demo1/no_1' from 2026-07-06 07:00:00+07:00 to 2026-07-06 16:18:25.265571+07:00
2026-07-06 16:18:33,577 [INFO] RESTBackend.Routers.Status: Fetching hourly status for device 'demo1/no_1' from 2026-07-06 07:00:00+07:00 to 2026-07-06 16:18:33.577096+07:00
2026-07-06 16:19:40,123 [INFO] RESTBackend.Routers.Status: Fetching hourly status for device 'demo1/no_1' from 2026-07-06 07:00:00+07:00 to 2026-07-06 16:19:40.123965+07:00
2026-07-06 16:19:41,502 [INFO] RESTBackend.Routers.Status: Fetching hourly status for device 'demo1/no_1' from 2026-07-06 07:00:00+07:00 to 2026-07-06 16:19:41.502884+07:00
2026-07-06 16:19:42,898 [INFO] RESTBackend.Routers.Status: Fetching hourly status for device 'demo1/no_1' from 2026-07-06 07:00:00+07:00 to 2026-07-06 16:19:42.898627+07:00
2026-07-06 16:19:53,369 [INFO] RESTBackend.Routers.Status: Fetching hourly status for device 'demo1/no_2' from 2026-07-06 07:00:00+07:00 to 2026-07-06 16:19:53.369762+07:00
2026-07-06 16:20:21,786 [INFO] RESTBackend.Routers.Status: Fetching hourly status for process 'demo1' from 2026-07-06 07:00:00+07:00 to 2026-07-06 16:20:21.786139+07:00
2026-07-06 16:20:37,961 [INFO] RESTBackend.Routers.Status: Fetching hourly status for process 'demo1' from 2026-07-06 07:00:00+07:00 to 2026-07-06 16:20:37.961644+07:00
2026-07-06 16:20:52,918 [INFO] RESTBackend.Routers.Status: Fetching hourly status for device 'demo1/no_2' from 2026-07-06 07:00:00+07:00 to 2026-07-06 16:20:52.918020+07:00
2026-07-06 16:20:55,914 [INFO] RESTBackend.Routers.Status: Fetching hourly status for device 'demo1/no_2' from 2026-07-06 07:00:00+07:00 to 2026-07-06 16:20:55.913778+07:00
2026-07-06 16:25:19,213 [INFO] RESTBackend.Routers.Status: Fetching hourly status for process 'demo1' from 2026-07-06 07:00:00+07:00 to 2026-07-06 16:25:19.213072+07:00
2026-07-06 16:27:45,013 [INFO] RESTBackend.Routers.Status: Fetching hourly status for process 'demo1' from 2026-07-06 07:00:00+07:00 to 2026-07-06 16:27:45.013698+07:00
2026-07-06 16:37:49,277 [INFO] RESTBackend.Routers.Status: Fetching hourly status for process 'demo1' from 2026-07-06 07:00:00+07:00 to 2026-07-06 16:37:49.277127+07:00
2026-07-06 16:38:00,449 [INFO] RESTBackend.Routers.Status: Fetching hourly status for device 'demo1/no_2' from 2026-07-06 07:00:00+07:00 to 2026-07-06 16:38:00.449851+07:00
2026-07-06 16:38:04,468 [INFO] RESTBackend.Routers.Status: Fetching hourly status for process 'demo1' from 2026-07-06 07:00:00+07:00 to 2026-07-06 16:38:04.468910+07:00
2026-07-06 16:40:33,570 [INFO] RESTBackend.Routers.Data: Fetching hourly data for process 'demo1' from 2026-07-06 07:00:00+07:00 to 2026-07-06 16:40:33.570036+07:00
2026-07-06 16:40:44,689 [INFO] RESTBackend.Routers.Data: Fetching hourly data for device 'demo1/no_1' from 2026-07-06 07:00:00+07:00 to 2026-07-06 16:40:44.689552+07:00
2026-07-06 16:40:56,119 [INFO] RESTBackend.Routers.Data: Fetching daily data for device 'demo1/no_1' from 2026-07-01 07:00:00+07:00 to 2026-08-01 06:59:59.999999+07:00
2026-07-06 16:41:07,368 [INFO] RESTBackend.Routers.Data: Fetching daily data for process 'demo1' from 2026-07-01 07:00:00+07:00 to 2026-08-01 06:59:59.999999+07:00
2026-07-06 16:41:39,262 [INFO] RESTBackend.Routers.Data: Fetching monthly data for process 'demo1' from 2026-07-01 07:00:00+07:00 to 2026-08-01 07:00:00+07:00
2026-07-06 16:41:54,138 [INFO] RESTBackend.Routers.Data: Fetching monthly data for process 'demo1' from 2026-07-01 07:00:00+07:00 to 2026-08-01 07:00:00+07:00
2026-07-06 16:42:10,912 [INFO] RESTBackend.Routers.Data: Fetching daily data for process 'demo1' from 2026-07-01 07:00:00+07:00 to 2026-08-01 06:59:59.999999+07:00
2026-07-06 16:42:23,094 [INFO] RESTBackend.Routers.Status: Fetching hourly status for process 'demo1' from 2026-07-06 07:00:00+07:00 to 2026-07-06 16:42:23.094230+07:00
2026-07-06 16:42:53,195 [INFO] RESTBackend.Routers.Status: Fetching hourly status for device 'demo1/no_2' from 2026-07-06 07:00:00+07:00 to 2026-07-06 16:42:53.195961+07:00
2026-07-06 16:43:00,906 [INFO] RESTBackend.Routers.Data: Fetching daily data for process 'demo1' from 2026-07-01 07:00:00+07:00 to 2026-08-01 06:59:59.999999+07:00
2026-07-06 16:43:31,196 [INFO] RESTBackend.Routers.Status: Fetching daily status for process 'demo1' from 2026-07-01 07:00:00+07:00 to 2026-07-31 23:59:59.999999+07:00
2026-07-06 16:44:08,540 [INFO] RESTBackend.Routers.Status: Fetching hourly status for process 'demo1' from 2026-07-06 07:00:00+07:00 to 2026-07-06 16:44:08.540697+07:00
2026-07-06 16:45:14,564 [INFO] RESTBackend.Routers.Status: Fetching hourly status for process 'demo1' from 2026-07-06 07:00:00+07:00 to 2026-07-06 16:45:14.564297+07:00
2026-07-06 16:45:39,714 [INFO] RESTBackend.Routers.Status: Fetching hourly status for device 'demo1/no_1' from 2026-07-06 07:00:00+07:00 to 2026-07-06 16:45:39.714013+07:00
2026-07-06 16:46:01,474 [INFO] RESTBackend.Routers.Status: Fetching hourly status for process 'demo1' from 2026-07-06 07:00:00+07:00 to 2026-07-06 16:46:01.473628+07:00
2026-07-06 16:54:41,717 [INFO] RESTBackend.Routers.Status: Fetching hourly status for device 'demo1/no_1' from 2026-07-06 07:00:00+07:00 to 2026-07-06 16:54:41.717815+07:00
2026-07-06 16:55:21,986 [INFO] RESTBackend.Routers.Status: Fetching hourly status for process 'demo1' from 2026-07-06 07:00:00+07:00 to 2026-07-06 16:55:21.986613+07:00
2026-07-06 16:59:30,700 [INFO] RESTBackend.Routers.Status: Fetching hourly status for process 'demo1' from 2026-07-06 07:00:00+07:00 to 2026-07-06 16:59:30.700679+07:00
2026-07-06 16:59:55,150 [INFO] RESTBackend.Routers.Status: Fetching hourly status for device 'demo1/no_1' from 2026-07-06 07:00:00+07:00 to 2026-07-06 16:59:55.150090+07:00
2026-07-06 16:59:56,881 [INFO] RESTBackend.Routers.Status: Fetching hourly status for device 'demo1/no_1' from 2026-07-06 07:00:00+07:00 to 2026-07-06 16:59:56.881340+07:00
2026-07-06 16:59:59,917 [INFO] RESTBackend.Routers.Status: Fetching hourly status for device 'demo1/no_1' from 2026-07-06 07:00:00+07:00 to 2026-07-06 16:59:59.917822+07:00
2026-07-06 17:00:00,795 [INFO] RESTBackend.Routers.Status: Fetching hourly status for device 'demo1/no_1' from 2026-07-06 07:00:00+07:00 to 2026-07-06 17:00:00.795275+07:00
2026-07-06 17:00:01,778 [INFO] RESTBackend.Routers.Status: Fetching hourly status for device 'demo1/no_1' from 2026-07-06 07:00:00+07:00 to 2026-07-06 17:00:01.778797+07:00
2026-07-06 17:00:02,650 [INFO] RESTBackend.Routers.Status: Fetching hourly status for device 'demo1/no_1' from 2026-07-06 07:00:00+07:00 to 2026-07-06 17:00:02.650070+07:00
2026-07-06 17:00:03,948 [INFO] RESTBackend.Routers.Status: Fetching hourly status for device 'demo1/no_1' from 2026-07-06 07:00:00+07:00 to 2026-07-06 17:00:03.948971+07:00
2026-07-06 19:44:30,409 [INFO] RESTApi: Starting MMS REST API Server at http://0.0.0.0:8002
2026-07-06 20:39:40,385 [INFO] RESTApi: Starting MMS REST API Server at http://0.0.0.0:8003
2026-07-06 20:43:13,249 [INFO] RESTBackend.Routers.Data: Fetching hourly data for process 'demo1' from 2026-07-06 07:00:00+07:00 to 2026-07-06 20:43:13.249041+07:00
2026-07-06 20:43:35,361 [INFO] RESTBackend.Routers.Data: Fetching hourly data for device 'demo1/no_1' from 2026-07-06 07:00:00+07:00 to 2026-07-06 20:43:35.361574+07:00
2026-07-06 20:43:52,945 [INFO] RESTBackend.Routers.Data: Fetching daily data for process 'demo1' from 2026-07-01 07:00:00+07:00 to 2026-08-01 06:59:59.999999+07:00
2026-07-06 20:44:05,401 [INFO] RESTBackend.Routers.Data: Fetching daily data for device 'demo1/no_1' from 2026-07-01 07:00:00+07:00 to 2026-08-01 06:59:59.999999+07:00
2026-07-06 20:44:27,564 [INFO] RESTBackend.Routers.Data: Fetching monthly data for process 'demo1' from 2026-07-01 07:00:00+07:00 to 2026-08-01 07:00:00+07:00
2026-07-06 20:44:34,072 [INFO] RESTBackend.Routers.Data: Fetching monthly data for process 'demo1' from 2026-08-01 07:00:00+07:00 to 2026-09-01 07:00:00+07:00
2026-07-06 20:44:46,871 [INFO] RESTBackend.Routers.Data: Fetching monthly data for device 'demo1/no_1' from 2026-07-01 07:00:00+07:00 to 2026-08-01 07:00:00+07:00
2026-07-06 20:44:52,938 [INFO] RESTBackend.Routers.Status: Fetching hourly status for process 'demo1' from 2026-07-06 07:00:00+07:00 to 2026-07-06 20:44:52.938566+07:00
2026-07-06 20:50:51,404 [INFO] RESTBackend.Routers.Status: Fetching hourly status for process 'demo1' from 2026-07-06 07:00:00+07:00 to 2026-07-06 20:50:51.404782+07:00
2026-07-06 20:51:12,897 [INFO] RESTBackend.Routers.Status: Fetching hourly status for device 'demo1/no_1' from 2026-07-06 07:00:00+07:00 to 2026-07-06 20:51:12.897396+07:00
2026-07-06 20:51:33,523 [INFO] RESTBackend.Routers.Data: Fetching daily data for process 'demo1' from 2026-07-01 07:00:00+07:00 to 2026-08-01 06:59:59.999999+07:00
2026-07-06 20:51:41,109 [INFO] RESTBackend.Routers.Data: Fetching daily data for device 'demo1/no_1' from 2026-07-01 07:00:00+07:00 to 2026-08-01 06:59:59.999999+07:00
2026-07-06 20:52:01,225 [INFO] RESTBackend.Routers.Status: Fetching daily status for process 'demo1' from 2026-07-01 07:00:00+07:00 to 2026-07-31 23:59:59.999999+07:00
2026-07-06 20:52:38,711 [INFO] RESTBackend.Routers.Status: Fetching daily status for device 'demo1/no_1' from 2026-07-01 07:00:00+07:00 to 2026-07-31 23:59:59.999999+07:00
2026-07-06 20:53:37,695 [INFO] RESTBackend.Routers.Status: Fetching hourly status for process 'demo1' from 2026-07-06 07:00:00+07:00 to 2026-07-06 20:53:37.694256+07:00
2026-07-06 20:53:44,429 [INFO] RESTBackend.Routers.Status: Fetching hourly status for device 'demo1/no_1' from 2026-07-06 07:00:00+07:00 to 2026-07-06 20:53:44.429812+07:00
2026-07-06 20:53:55,569 [INFO] RESTBackend.Routers.Status: Fetching daily status for process 'demo1' from 2026-07-01 07:00:00+07:00 to 2026-07-31 23:59:59.999999+07:00
2026-07-06 20:56:52,716 [INFO] RESTBackend.Routers.Data: Fetching currently data for process 'demo1' from 2026-07-06 07:00:00+07:00 to 2026-07-06 20:56:52.716977+07:00
2026-07-06 20:57:11,726 [INFO] RESTBackend.Routers.Data: Fetching currently data for device 'demo1/no_1' from 2026-07-06 07:00:00+07:00 to 2026-07-06 20:57:11.726311+07:00
2026-07-06 20:57:59,707 [INFO] RESTBackend.Routers.Status: Fetching currently status for device 'demo1/no_1' from 2026-07-06 07:00:00+07:00 to 2026-07-06 20:57:59.707202+07:00
2026-07-06 20:58:11,108 [INFO] RESTBackend.Routers.Status: Fetching currently status for process 'demo1' from 2026-07-06 07:00:00+07:00 to 2026-07-06 20:58:11.108703+07:00
2026-07-06 20:58:16,347 [INFO] RESTBackend.Routers.Status: Fetching daily status for process 'demo1' from 2026-07-01 07:00:00+07:00 to 2026-07-31 23:59:59.999999+07:00
2026-07-06 20:58:21,200 [INFO] RESTBackend.Routers.Status: Fetching daily status for device 'demo1/no_1' from 2026-07-01 07:00:00+07:00 to 2026-07-31 23:59:59.999999+07:00
2026-07-06 20:59:15,326 [INFO] RESTBackend.Routers.Status: Fetching currently status for process 'demo1' from 2026-07-06 07:00:00+07:00 to 2026-07-06 20:59:15.326573+07:00
2026-07-06 20:59:40,200 [INFO] RESTBackend.Routers.Data: Fetching monthly data for device 'demo1/no_1' from 2026-07-01 07:00:00+07:00 to 2026-08-01 07:00:00+07:00
2026-07-06 20:59:48,210 [INFO] RESTBackend.Routers.Status: Fetching currently status for process 'demo1' from 2026-07-06 07:00:00+07:00 to 2026-07-06 20:59:48.210795+07:00
2026-07-06 21:00:08,830 [INFO] RESTBackend.Routers.Status: Fetching daily status for device 'demo1/no_1' from 2026-07-01 07:00:00+07:00 to 2026-07-31 23:59:59.999999+07:00
2026-07-06 21:01:34,219 [INFO] RESTBackend.Routers.Status: Fetching daily status for device 'demo1/no_1' from 2026-07-01 07:00:00+07:00 to 2026-07-31 23:59:59.999999+07:00
2026-07-06 21:08:41,143 [INFO] RESTBackend.Routers.Status: Fetching daily status for device 'demo1/no_1' from 2026-07-01 07:00:00+07:00 to 2026-07-31 23:59:59.999999+07:00
2026-07-06 21:09:02,237 [INFO] RESTBackend.Routers.Status: Fetching daily status for device 'demo1/no_1' from 2026-07-01 07:00:00+07:00 to 2026-07-31 23:59:59.999999+07:00
2026-07-06 21:09:03,245 [INFO] RESTBackend.Routers.Status: Fetching daily status for device 'demo1/no_1' from 2026-07-01 07:00:00+07:00 to 2026-07-31 23:59:59.999999+07:00
2026-07-06 21:09:04,168 [INFO] RESTBackend.Routers.Status: Fetching daily status for device 'demo1/no_1' from 2026-07-01 07:00:00+07:00 to 2026-07-31 23:59:59.999999+07:00
2026-07-06 21:09:42,848 [INFO] RESTBackend.Routers.Status: Fetching daily status for device 'demo1/no_1' from 2026-07-01 07:00:00+07:00 to 2026-07-31 23:59:59.999999+07:00
2026-07-06 21:09:44,290 [INFO] RESTBackend.Routers.Status: Fetching daily status for device 'demo1/no_1' from 2026-07-01 07:00:00+07:00 to 2026-07-31 23:59:59.999999+07:00
2026-07-06 21:09:45,364 [INFO] RESTBackend.Routers.Status: Fetching daily status for device 'demo1/no_1' from 2026-07-01 07:00:00+07:00 to 2026-07-31 23:59:59.999999+07:00
2026-07-06 21:09:46,395 [INFO] RESTBackend.Routers.Status: Fetching daily status for device 'demo1/no_1' from 2026-07-01 07:00:00+07:00 to 2026-07-31 23:59:59.999999+07:00
2026-07-06 21:09:47,386 [INFO] RESTBackend.Routers.Status: Fetching daily status for device 'demo1/no_1' from 2026-07-01 07:00:00+07:00 to 2026-07-31 23:59:59.999999+07:00
2026-07-06 21:09:48,274 [INFO] RESTBackend.Routers.Status: Fetching daily status for device 'demo1/no_1' from 2026-07-01 07:00:00+07:00 to 2026-07-31 23:59:59.999999+07:00
2026-07-06 21:10:01,959 [INFO] RESTBackend.Routers.Status: Fetching daily status for device 'demo1/no_1' from 2026-07-01 07:00:00+07:00 to 2026-07-31 23:59:59.999999+07:00
2026-07-06 21:10:03,131 [INFO] RESTBackend.Routers.Status: Fetching daily status for device 'demo1/no_1' from 2026-07-01 07:00:00+07:00 to 2026-07-31 23:59:59.999999+07:00
2026-07-06 21:10:04,013 [INFO] RESTBackend.Routers.Status: Fetching daily status for device 'demo1/no_1' from 2026-07-01 07:00:00+07:00 to 2026-07-31 23:59:59.999999+07:00
2026-07-06 21:10:04,967 [INFO] RESTBackend.Routers.Status: Fetching daily status for device 'demo1/no_1' from 2026-07-01 07:00:00+07:00 to 2026-07-31 23:59:59.999999+07:00
2026-07-06 21:10:05,829 [INFO] RESTBackend.Routers.Status: Fetching daily status for device 'demo1/no_1' from 2026-07-01 07:00:00+07:00 to 2026-07-31 23:59:59.999999+07:00
2026-07-06 21:10:13,429 [INFO] RESTBackend.Routers.Status: Fetching daily status for process 'demo1' from 2026-07-01 07:00:00+07:00 to 2026-07-31 23:59:59.999999+07:00
2026-07-06 21:11:26,058 [INFO] RESTBackend.Routers.Data: Fetching monthly data for process 'demo1' from 2026-07-01 07:00:00+07:00 to 2026-08-01 07:00:00+07:00
2026-07-06 21:11:33,141 [INFO] RESTBackend.Routers.Data: Fetching monthly data for device 'demo1/no_1' from 2026-07-01 07:00:00+07:00 to 2026-08-01 07:00:00+07:00
2026-07-06 21:11:43,240 [INFO] RESTBackend.Routers.Status: Fetching monthly status for device 'demo1/no_1' from 2026-07-01 07:00:00+07:00 to 2026-07-06 21:11:43.240274+07:00
2026-07-06 21:19:04,744 [INFO] RESTBackend.Routers.Alarm: Fetching current alarm for process 'demo1' from 2026-07-06 07:00:00+07:00 to 2026-07-06 21:19:04.744654+07:00
